
 Performance counter stats for './mandelbrot_seq 0.175 0.375 -0.1 0.1 16' (10 runs):

          0.631758      task-clock (msec)         #    0.693 CPUs utilized            ( +-  0.42% )
                 0      context-switches          #    0.000 K/sec                  
                 0      cpu-migrations            #    0.000 K/sec                  
                53      page-faults               #    0.083 M/sec                    ( +-  0.76% )
   <not supported>      cycles                   
   <not supported>      stalled-cycles-frontend  
   <not supported>      stalled-cycles-backend   
   <not supported>      instructions             
   <not supported>      branches                 
   <not supported>      branch-misses            

       0.000911988 seconds time elapsed                                          ( +-  0.69% )


 Performance counter stats for './mandelbrot_seq 0.175 0.375 -0.1 0.1 32' (10 runs):

          1.634941      task-clock (msec)         #    0.839 CPUs utilized            ( +-  0.26% )
                 0      context-switches          #    0.000 K/sec                  
                 0      cpu-migrations            #    0.000 K/sec                  
                61      page-faults               #    0.038 M/sec                    ( +-  0.36% )
   <not supported>      cycles                   
   <not supported>      stalled-cycles-frontend  
   <not supported>      stalled-cycles-backend   
   <not supported>      instructions             
   <not supported>      branches                 
   <not supported>      branch-misses            

       0.001947579 seconds time elapsed                                          ( +-  0.50% )


 Performance counter stats for './mandelbrot_seq 0.175 0.375 -0.1 0.1 64' (10 runs):

          5.506485      task-clock (msec)         #    0.948 CPUs utilized            ( +-  0.06% )
                 0      context-switches          #    0.000 K/sec                  
                 0      cpu-migrations            #    0.000 K/sec                  
                91      page-faults               #    0.016 M/sec                    ( +-  0.44% )
   <not supported>      cycles                   
   <not supported>      stalled-cycles-frontend  
   <not supported>      stalled-cycles-backend   
   <not supported>      instructions             
   <not supported>      branches                 
   <not supported>      branch-misses            

       0.005810300 seconds time elapsed                                          ( +-  0.07% )


 Performance counter stats for './mandelbrot_seq 0.175 0.375 -0.1 0.1 128' (10 runs):

         21.096980      task-clock (msec)         #    0.984 CPUs utilized            ( +-  0.15% )
                 0      context-switches          #    0.000 K/sec                  
                 0      cpu-migrations            #    0.000 K/sec                  
               212      page-faults               #    0.010 M/sec                    ( +-  0.14% )
   <not supported>      cycles                   
   <not supported>      stalled-cycles-frontend  
   <not supported>      stalled-cycles-backend   
   <not supported>      instructions             
   <not supported>      branches                 
   <not supported>      branch-misses            

       0.021446828 seconds time elapsed                                          ( +-  0.19% )


 Performance counter stats for './mandelbrot_seq 0.175 0.375 -0.1 0.1 256' (10 runs):

         84.024704      task-clock (msec)         #    0.996 CPUs utilized            ( +-  0.22% )
                 0      context-switches          #    0.001 K/sec                    ( +-100.00% )
                 0      cpu-migrations            #    0.000 K/sec                  
               692      page-faults               #    0.008 M/sec                    ( +-  0.03% )
   <not supported>      cycles                   
   <not supported>      stalled-cycles-frontend  
   <not supported>      stalled-cycles-backend   
   <not supported>      instructions             
   <not supported>      branches                 
   <not supported>      branch-misses            

       0.084371574 seconds time elapsed                                          ( +-  0.22% )


 Performance counter stats for './mandelbrot_seq 0.175 0.375 -0.1 0.1 512' (10 runs):

        335.102560      task-clock (msec)         #    0.999 CPUs utilized            ( +-  0.11% )
                 1      context-switches          #    0.003 K/sec                    ( +- 33.33% )
                 0      cpu-migrations            #    0.000 K/sec                  
             2,612      page-faults               #    0.008 M/sec                    ( +-  0.02% )
   <not supported>      cycles                   
   <not supported>      stalled-cycles-frontend  
   <not supported>      stalled-cycles-backend   
   <not supported>      instructions             
   <not supported>      branches                 
   <not supported>      branch-misses            

       0.335577493 seconds time elapsed                                          ( +-  0.12% )


 Performance counter stats for './mandelbrot_seq 0.175 0.375 -0.1 0.1 1024' (10 runs):

       1335.304414      task-clock (msec)         #    1.000 CPUs utilized            ( +-  0.05% )
                 3      context-switches          #    0.002 K/sec                    ( +- 13.05% )
                 0      cpu-migrations            #    0.000 K/sec                    ( +- 33.33% )
            10,292      page-faults               #    0.008 M/sec                    ( +-  0.00% )
   <not supported>      cycles                   
   <not supported>      stalled-cycles-frontend  
   <not supported>      stalled-cycles-backend   
   <not supported>      instructions             
   <not supported>      branches                 
   <not supported>      branch-misses            

       1.335835770 seconds time elapsed                                          ( +-  0.05% )


 Performance counter stats for './mandelbrot_seq 0.175 0.375 -0.1 0.1 2048' (10 runs):

       5504.657953      task-clock (msec)         #    1.000 CPUs utilized            ( +-  0.57% )
                10      context-switches          #    0.002 K/sec                    ( +-  2.78% )
                 0      cpu-migrations            #    0.000 K/sec                  
            41,012      page-faults               #    0.007 M/sec                    ( +-  0.00% )
   <not supported>      cycles                   
   <not supported>      stalled-cycles-frontend  
   <not supported>      stalled-cycles-backend   
   <not supported>      instructions             
   <not supported>      branches                 
   <not supported>      branch-misses            

       5.505320427 seconds time elapsed                                          ( +-  0.57% )


 Performance counter stats for './mandelbrot_seq 0.175 0.375 -0.1 0.1 4096' (10 runs):

      21583.451732      task-clock (msec)         #    0.998 CPUs utilized            ( +-  0.45% )
                41      context-switches          #    0.002 K/sec                    ( +-  1.10% )
                 0      cpu-migrations            #    0.000 K/sec                    ( +- 33.33% )
           163,892      page-faults               #    0.008 M/sec                    ( +-  0.00% )
   <not supported>      cycles                   
   <not supported>      stalled-cycles-frontend  
   <not supported>      stalled-cycles-backend   
   <not supported>      instructions             
   <not supported>      branches                 
   <not supported>      branch-misses            

      21.618584923 seconds time elapsed                                          ( +-  0.44% )


 Performance counter stats for './mandelbrot_seq 0.175 0.375 -0.1 0.1 8192' (10 runs):

      87333.099431      task-clock (msec)         #    0.987 CPUs utilized            ( +-  0.67% )
               176      context-switches          #    0.002 K/sec                    ( +-  0.67% )
                 1      cpu-migrations            #    0.000 K/sec                    ( +- 33.33% )
           655,412      page-faults               #    0.008 M/sec                    ( +-  0.00% )
   <not supported>      cycles                   
   <not supported>      stalled-cycles-frontend  
   <not supported>      stalled-cycles-backend   
   <not supported>      instructions             
   <not supported>      branches                 
   <not supported>      branch-misses            

      88.499974297 seconds time elapsed                                          ( +-  0.67% )

