
 Performance counter stats for './mandelbrot_seq -0.8 -0.7 0.05 0.15 16' (10 runs):

          0.637212      task-clock (msec)         #    0.691 CPUs utilized            ( +-  0.49% )
                 0      context-switches          #    0.000 K/sec                  
                 0      cpu-migrations            #    0.000 K/sec                  
                53      page-faults               #    0.083 M/sec                    ( +-  0.55% )
   <not supported>      cycles                   
   <not supported>      stalled-cycles-frontend  
   <not supported>      stalled-cycles-backend   
   <not supported>      instructions             
   <not supported>      branches                 
   <not supported>      branch-misses            

       0.000922286 seconds time elapsed                                          ( +-  0.68% )


 Performance counter stats for './mandelbrot_seq -0.8 -0.7 0.05 0.15 32' (10 runs):

          1.679946      task-clock (msec)         #    0.848 CPUs utilized            ( +-  0.30% )
                 0      context-switches          #    0.000 K/sec                  
                 0      cpu-migrations            #    0.000 K/sec                  
                61      page-faults               #    0.036 M/sec                    ( +-  0.41% )
   <not supported>      cycles                   
   <not supported>      stalled-cycles-frontend  
   <not supported>      stalled-cycles-backend   
   <not supported>      instructions             
   <not supported>      branches                 
   <not supported>      branch-misses            

       0.001980260 seconds time elapsed                                          ( +-  0.42% )


 Performance counter stats for './mandelbrot_seq -0.8 -0.7 0.05 0.15 64' (10 runs):

          5.778286      task-clock (msec)         #    0.950 CPUs utilized            ( +-  0.10% )
                 0      context-switches          #    0.000 K/sec                  
                 0      cpu-migrations            #    0.000 K/sec                  
                91      page-faults               #    0.016 M/sec                    ( +-  0.30% )
   <not supported>      cycles                   
   <not supported>      stalled-cycles-frontend  
   <not supported>      stalled-cycles-backend   
   <not supported>      instructions             
   <not supported>      branches                 
   <not supported>      branch-misses            

       0.006083679 seconds time elapsed                                          ( +-  0.13% )


 Performance counter stats for './mandelbrot_seq -0.8 -0.7 0.05 0.15 128' (10 runs):

         22.157947      task-clock (msec)         #    0.985 CPUs utilized            ( +-  0.09% )
                 0      context-switches          #    0.005 K/sec                    ( +-100.00% )
                 0      cpu-migrations            #    0.000 K/sec                  
               212      page-faults               #    0.010 M/sec                    ( +-  0.08% )
   <not supported>      cycles                   
   <not supported>      stalled-cycles-frontend  
   <not supported>      stalled-cycles-backend   
   <not supported>      instructions             
   <not supported>      branches                 
   <not supported>      branch-misses            

       0.022501505 seconds time elapsed                                          ( +-  0.11% )


 Performance counter stats for './mandelbrot_seq -0.8 -0.7 0.05 0.15 256' (10 runs):

         88.859107      task-clock (msec)         #    0.996 CPUs utilized            ( +-  0.27% )
                 0      context-switches          #    0.003 K/sec                    ( +- 71.15% )
                 0      cpu-migrations            #    0.000 K/sec                  
               692      page-faults               #    0.008 M/sec                    ( +-  0.03% )
   <not supported>      cycles                   
   <not supported>      stalled-cycles-frontend  
   <not supported>      stalled-cycles-backend   
   <not supported>      instructions             
   <not supported>      branches                 
   <not supported>      branch-misses            

       0.089204788 seconds time elapsed                                          ( +-  0.27% )


 Performance counter stats for './mandelbrot_seq -0.8 -0.7 0.05 0.15 512' (10 runs):

        352.777509      task-clock (msec)         #    0.999 CPUs utilized            ( +-  0.13% )
                 1      context-switches          #    0.003 K/sec                    ( +- 38.67% )
                 0      cpu-migrations            #    0.000 K/sec                  
             2,612      page-faults               #    0.007 M/sec                    ( +-  0.01% )
   <not supported>      cycles                   
   <not supported>      stalled-cycles-frontend  
   <not supported>      stalled-cycles-backend   
   <not supported>      instructions             
   <not supported>      branches                 
   <not supported>      branch-misses            

       0.353246800 seconds time elapsed                                          ( +-  0.13% )


 Performance counter stats for './mandelbrot_seq -0.8 -0.7 0.05 0.15 1024' (10 runs):

       1414.207557      task-clock (msec)         #    1.000 CPUs utilized            ( +-  0.31% )
                 3      context-switches          #    0.002 K/sec                    ( +- 14.78% )
                 0      cpu-migrations            #    0.000 K/sec                    ( +- 66.67% )
            10,292      page-faults               #    0.007 M/sec                    ( +-  0.00% )
   <not supported>      cycles                   
   <not supported>      stalled-cycles-frontend  
   <not supported>      stalled-cycles-backend   
   <not supported>      instructions             
   <not supported>      branches                 
   <not supported>      branch-misses            

       1.414779058 seconds time elapsed                                          ( +-  0.31% )


 Performance counter stats for './mandelbrot_seq -0.8 -0.7 0.05 0.15 2048' (10 runs):

       5853.012306      task-clock (msec)         #    1.000 CPUs utilized            ( +-  0.95% )
                10      context-switches          #    0.002 K/sec                    ( +-  3.25% )
                 0      cpu-migrations            #    0.000 K/sec                    ( +-100.00% )
            41,012      page-faults               #    0.007 M/sec                    ( +-  0.00% )
   <not supported>      cycles                   
   <not supported>      stalled-cycles-frontend  
   <not supported>      stalled-cycles-backend   
   <not supported>      instructions             
   <not supported>      branches                 
   <not supported>      branch-misses            

       5.853969199 seconds time elapsed                                          ( +-  0.95% )


 Performance counter stats for './mandelbrot_seq -0.8 -0.7 0.05 0.15 4096' (10 runs):

      23356.569484      task-clock (msec)         #    0.998 CPUs utilized            ( +-  1.53% )
                44      context-switches          #    0.002 K/sec                    ( +-  1.75% )
                 0      cpu-migrations            #    0.000 K/sec                    ( +- 50.92% )
           163,892      page-faults               #    0.007 M/sec                    ( +-  0.00% )
   <not supported>      cycles                   
   <not supported>      stalled-cycles-frontend  
   <not supported>      stalled-cycles-backend   
   <not supported>      instructions             
   <not supported>      branches                 
   <not supported>      branch-misses            

      23.400544848 seconds time elapsed                                          ( +-  1.52% )


 Performance counter stats for './mandelbrot_seq -0.8 -0.7 0.05 0.15 8192' (10 runs):

      92159.840556      task-clock (msec)         #    0.987 CPUs utilized            ( +-  1.14% )
               184      context-switches          #    0.002 K/sec                    ( +-  1.11% )
                 0      cpu-migrations            #    0.000 K/sec                    ( +- 40.82% )
           655,412      page-faults               #    0.007 M/sec                    ( +-  0.00% )
   <not supported>      cycles                   
   <not supported>      stalled-cycles-frontend  
   <not supported>      stalled-cycles-backend   
   <not supported>      instructions             
   <not supported>      branches                 
   <not supported>      branch-misses            

      93.346398082 seconds time elapsed                                          ( +-  1.13% )

