
 Performance counter stats for './mandelbrot_seq -0.188 -0.012 0.554 0.754 16' (10 runs):

          0.696118      task-clock (msec)         #    0.622 CPUs utilized            ( +-  0.92% )
                 0      context-switches          #    0.144 K/sec                    ( +-100.00% )
                 0      cpu-migrations            #    0.000 K/sec                  
                53      page-faults               #    0.076 M/sec                    ( +-  0.77% )
   <not supported>      cycles                   
   <not supported>      stalled-cycles-frontend  
   <not supported>      stalled-cycles-backend   
   <not supported>      instructions             
   <not supported>      branches                 
   <not supported>      branch-misses            

       0.001118846 seconds time elapsed                                          ( +- 11.56% )


 Performance counter stats for './mandelbrot_seq -0.188 -0.012 0.554 0.754 32' (10 runs):

          1.867110      task-clock (msec)         #    0.862 CPUs utilized            ( +-  0.29% )
                 0      context-switches          #    0.000 K/sec                  
                 0      cpu-migrations            #    0.000 K/sec                  
                60      page-faults               #    0.032 M/sec                    ( +-  0.51% )
   <not supported>      cycles                   
   <not supported>      stalled-cycles-frontend  
   <not supported>      stalled-cycles-backend   
   <not supported>      instructions             
   <not supported>      branches                 
   <not supported>      branch-misses            

       0.002167216 seconds time elapsed                                          ( +-  0.40% )


 Performance counter stats for './mandelbrot_seq -0.188 -0.012 0.554 0.754 64' (10 runs):

          6.539063      task-clock (msec)         #    0.955 CPUs utilized            ( +-  0.13% )
                 0      context-switches          #    0.000 K/sec                  
                 0      cpu-migrations            #    0.000 K/sec                  
                91      page-faults               #    0.014 M/sec                    ( +-  0.26% )
   <not supported>      cycles                   
   <not supported>      stalled-cycles-frontend  
   <not supported>      stalled-cycles-backend   
   <not supported>      instructions             
   <not supported>      branches                 
   <not supported>      branch-misses            

       0.006845384 seconds time elapsed                                          ( +-  0.17% )


 Performance counter stats for './mandelbrot_seq -0.188 -0.012 0.554 0.754 128' (10 runs):

         25.211893      task-clock (msec)         #    0.986 CPUs utilized            ( +-  0.12% )
                 0      context-switches          #    0.000 K/sec                  
                 0      cpu-migrations            #    0.000 K/sec                  
               212      page-faults               #    0.008 M/sec                    ( +-  0.10% )
   <not supported>      cycles                   
   <not supported>      stalled-cycles-frontend  
   <not supported>      stalled-cycles-backend   
   <not supported>      instructions             
   <not supported>      branches                 
   <not supported>      branch-misses            

       0.025581389 seconds time elapsed                                          ( +-  0.13% )


 Performance counter stats for './mandelbrot_seq -0.188 -0.012 0.554 0.754 256' (10 runs):

        100.542171      task-clock (msec)         #    0.997 CPUs utilized            ( +-  0.22% )
                 0      context-switches          #    0.002 K/sec                    ( +-100.00% )
                 0      cpu-migrations            #    0.000 K/sec                  
               692      page-faults               #    0.007 M/sec                    ( +-  0.06% )
   <not supported>      cycles                   
   <not supported>      stalled-cycles-frontend  
   <not supported>      stalled-cycles-backend   
   <not supported>      instructions             
   <not supported>      branches                 
   <not supported>      branch-misses            

       0.100892618 seconds time elapsed                                          ( +-  0.21% )


 Performance counter stats for './mandelbrot_seq -0.188 -0.012 0.554 0.754 512' (10 runs):

        399.987644      task-clock (msec)         #    0.999 CPUs utilized            ( +-  0.13% )
                 1      context-switches          #    0.002 K/sec                    ( +- 37.19% )
                 0      cpu-migrations            #    0.000 K/sec                  
             2,612      page-faults               #    0.007 M/sec                    ( +-  0.01% )
   <not supported>      cycles                   
   <not supported>      stalled-cycles-frontend  
   <not supported>      stalled-cycles-backend   
   <not supported>      instructions             
   <not supported>      branches                 
   <not supported>      branch-misses            

       0.400364173 seconds time elapsed                                          ( +-  0.13% )


 Performance counter stats for './mandelbrot_seq -0.188 -0.012 0.554 0.754 1024' (10 runs):

       1597.698464      task-clock (msec)         #    1.000 CPUs utilized            ( +-  0.07% )
                 3      context-switches          #    0.002 K/sec                    ( +- 12.41% )
                 0      cpu-migrations            #    0.000 K/sec                    ( +- 50.92% )
            10,292      page-faults               #    0.006 M/sec                    ( +-  0.00% )
   <not supported>      cycles                   
   <not supported>      stalled-cycles-frontend  
   <not supported>      stalled-cycles-backend   
   <not supported>      instructions             
   <not supported>      branches                 
   <not supported>      branch-misses            

       1.598103541 seconds time elapsed                                          ( +-  0.07% )


 Performance counter stats for './mandelbrot_seq -0.188 -0.012 0.554 0.754 2048' (10 runs):

       6404.604416      task-clock (msec)         #    1.000 CPUs utilized            ( +-  0.13% )
                11      context-switches          #    0.002 K/sec                    ( +-  2.65% )
                 0      cpu-migrations            #    0.000 K/sec                  
            41,012      page-faults               #    0.006 M/sec                    ( +-  0.00% )
   <not supported>      cycles                   
   <not supported>      stalled-cycles-frontend  
   <not supported>      stalled-cycles-backend   
   <not supported>      instructions             
   <not supported>      branches                 
   <not supported>      branch-misses            

       6.405259670 seconds time elapsed                                          ( +-  0.13% )


 Performance counter stats for './mandelbrot_seq -0.188 -0.012 0.554 0.754 4096' (10 runs):

      26669.796681      task-clock (msec)         #    0.999 CPUs utilized            ( +-  1.35% )
                51      context-switches          #    0.002 K/sec                    ( +-  1.84% )
                 0      cpu-migrations            #    0.000 K/sec                    ( +-100.00% )
           163,892      page-faults               #    0.006 M/sec                    ( +-  0.00% )
   <not supported>      cycles                   
   <not supported>      stalled-cycles-frontend  
   <not supported>      stalled-cycles-backend   
   <not supported>      instructions             
   <not supported>      branches                 
   <not supported>      branch-misses            

      26.707453872 seconds time elapsed                                          ( +-  1.35% )


 Performance counter stats for './mandelbrot_seq -0.188 -0.012 0.554 0.754 8192' (10 runs):

     106967.575371      task-clock (msec)         #    0.989 CPUs utilized            ( +-  1.88% )
               210      context-switches          #    0.002 K/sec                    ( +-  1.76% )
                 0      cpu-migrations            #    0.000 K/sec                    ( +- 53.75% )
           655,412      page-faults               #    0.006 M/sec                    ( +-  0.00% )
   <not supported>      cycles                   
   <not supported>      stalled-cycles-frontend  
   <not supported>      stalled-cycles-backend   
   <not supported>      instructions             
   <not supported>      branches                 
   <not supported>      branch-misses            

     108.143847179 seconds time elapsed                                          ( +-  1.85% )

