
 Performance counter stats for './mandelbrot_omp 0.175 0.375 -0.1 0.1 16' (10 runs):

          1.884628      task-clock (msec)         #    1.318 CPUs utilized            ( +-  1.61% )
                86      context-switches          #    0.046 M/sec                    ( +-  4.30% )
                49      cpu-migrations            #    0.026 M/sec                    ( +-  4.07% )
               128      page-faults               #    0.068 M/sec                    ( +-  0.23% )
   <not supported>      cycles                   
   <not supported>      stalled-cycles-frontend  
   <not supported>      stalled-cycles-backend   
   <not supported>      instructions             
   <not supported>      branches                 
   <not supported>      branch-misses            

       0.001429961 seconds time elapsed                                          ( +-  0.64% )


 Performance counter stats for './mandelbrot_omp 0.175 0.375 -0.1 0.1 32' (10 runs):

          3.050176      task-clock (msec)         #    2.059 CPUs utilized            ( +-  0.45% )
                91      context-switches          #    0.030 M/sec                    ( +-  2.66% )
                54      cpu-migrations            #    0.018 M/sec                    ( +-  3.67% )
               129      page-faults               #    0.042 M/sec                    ( +-  0.12% )
   <not supported>      cycles                   
   <not supported>      stalled-cycles-frontend  
   <not supported>      stalled-cycles-backend   
   <not supported>      instructions             
   <not supported>      branches                 
   <not supported>      branch-misses            

       0.001481680 seconds time elapsed                                          ( +-  0.64% )


 Performance counter stats for './mandelbrot_omp 0.175 0.375 -0.1 0.1 64' (10 runs):

          7.845897      task-clock (msec)         #    3.583 CPUs utilized            ( +-  0.88% )
                87      context-switches          #    0.011 M/sec                    ( +-  4.86% )
                56      cpu-migrations            #    0.007 M/sec                    ( +-  5.80% )
               129      page-faults               #    0.016 M/sec                    ( +-  0.33% )
   <not supported>      cycles                   
   <not supported>      stalled-cycles-frontend  
   <not supported>      stalled-cycles-backend   
   <not supported>      instructions             
   <not supported>      branches                 
   <not supported>      branch-misses            

       0.002189874 seconds time elapsed                                          ( +-  0.82% )


 Performance counter stats for './mandelbrot_omp 0.175 0.375 -0.1 0.1 128' (10 runs):

         26.926331      task-clock (msec)         #    5.365 CPUs utilized            ( +-  0.54% )
                92      context-switches          #    0.003 M/sec                    ( +-  2.66% )
                61      cpu-migrations            #    0.002 M/sec                    ( +-  4.03% )
               129      page-faults               #    0.005 M/sec                    ( +-  0.23% )
   <not supported>      cycles                   
   <not supported>      stalled-cycles-frontend  
   <not supported>      stalled-cycles-backend   
   <not supported>      instructions             
   <not supported>      branches                 
   <not supported>      branch-misses            

       0.005019168 seconds time elapsed                                          ( +-  0.50% )


 Performance counter stats for './mandelbrot_omp 0.175 0.375 -0.1 0.1 256' (10 runs):

        108.084294      task-clock (msec)         #    7.130 CPUs utilized            ( +-  0.21% )
               103      context-switches          #    0.952 K/sec                    ( +-  1.93% )
                68      cpu-migrations            #    0.633 K/sec                    ( +-  3.34% )
               128      page-faults               #    0.001 M/sec                    ( +-  0.29% )
   <not supported>      cycles                   
   <not supported>      stalled-cycles-frontend  
   <not supported>      stalled-cycles-backend   
   <not supported>      instructions             
   <not supported>      branches                 
   <not supported>      branch-misses            

       0.015158559 seconds time elapsed                                          ( +-  0.31% )


 Performance counter stats for './mandelbrot_omp 0.175 0.375 -0.1 0.1 512' (10 runs):

        429.921913      task-clock (msec)         #    7.693 CPUs utilized            ( +-  0.32% )
               118      context-switches          #    0.275 K/sec                    ( +-  1.58% )
                70      cpu-migrations            #    0.162 K/sec                    ( +-  2.66% )
               129      page-faults               #    0.300 K/sec                    ( +-  0.30% )
   <not supported>      cycles                   
   <not supported>      stalled-cycles-frontend  
   <not supported>      stalled-cycles-backend   
   <not supported>      instructions             
   <not supported>      branches                 
   <not supported>      branch-misses            

       0.055887781 seconds time elapsed                                          ( +-  0.25% )


 Performance counter stats for './mandelbrot_omp 0.175 0.375 -0.1 0.1 1024' (10 runs):

       1726.360871      task-clock (msec)         #    7.888 CPUs utilized            ( +-  0.40% )
               260      context-switches          #    0.151 K/sec                    ( +-  2.69% )
                82      cpu-migrations            #    0.048 K/sec                    ( +-  2.47% )
               128      page-faults               #    0.074 K/sec                    ( +-  0.26% )
   <not supported>      cycles                   
   <not supported>      stalled-cycles-frontend  
   <not supported>      stalled-cycles-backend   
   <not supported>      instructions             
   <not supported>      branches                 
   <not supported>      branch-misses            

       0.218854533 seconds time elapsed                                          ( +-  0.35% )


 Performance counter stats for './mandelbrot_omp 0.175 0.375 -0.1 0.1 2048' (10 runs):

       7000.117281      task-clock (msec)         #    7.968 CPUs utilized            ( +-  0.29% )
               860      context-switches          #    0.123 K/sec                    ( +-  1.57% )
               102      cpu-migrations            #    0.015 K/sec                    ( +-  2.62% )
               129      page-faults               #    0.018 K/sec                    ( +-  0.16% )
   <not supported>      cycles                   
   <not supported>      stalled-cycles-frontend  
   <not supported>      stalled-cycles-backend   
   <not supported>      instructions             
   <not supported>      branches                 
   <not supported>      branch-misses            

       0.878527897 seconds time elapsed                                          ( +-  0.29% )


 Performance counter stats for './mandelbrot_omp 0.175 0.375 -0.1 0.1 4096' (10 runs):

      28264.242383      task-clock (msec)         #    7.988 CPUs utilized            ( +-  0.17% )
             3,559      context-switches          #    0.126 K/sec                    ( +-  0.45% )
               105      cpu-migrations            #    0.004 K/sec                    ( +-  2.68% )
               129      page-faults               #    0.005 K/sec                    ( +-  0.20% )
   <not supported>      cycles                   
   <not supported>      stalled-cycles-frontend  
   <not supported>      stalled-cycles-backend   
   <not supported>      instructions             
   <not supported>      branches                 
   <not supported>      branch-misses            

       3.538255732 seconds time elapsed                                          ( +-  0.16% )


 Performance counter stats for './mandelbrot_omp 0.175 0.375 -0.1 0.1 8192' (10 runs):

     112754.580238      task-clock (msec)         #    7.996 CPUs utilized            ( +-  0.08% )
            14,146      context-switches          #    0.125 K/sec                    ( +-  0.12% )
               107      cpu-migrations            #    0.001 K/sec                    ( +-  2.24% )
               129      page-faults               #    0.001 K/sec                    ( +-  0.19% )
   <not supported>      cycles                   
   <not supported>      stalled-cycles-frontend  
   <not supported>      stalled-cycles-backend   
   <not supported>      instructions             
   <not supported>      branches                 
   <not supported>      branch-misses            

      14.100987451 seconds time elapsed                                          ( +-  0.08% )

