
 Performance counter stats for './mandelbrot_omp -0.188 -0.012 0.554 0.754 16' (10 runs):

          1.970840      task-clock (msec)         #    1.374 CPUs utilized            ( +-  1.51% )
                86      context-switches          #    0.044 M/sec                    ( +-  4.39% )
                50      cpu-migrations            #    0.025 M/sec                    ( +-  3.88% )
               129      page-faults               #    0.065 M/sec                    ( +-  0.16% )
   <not supported>      cycles                   
   <not supported>      stalled-cycles-frontend  
   <not supported>      stalled-cycles-backend   
   <not supported>      instructions             
   <not supported>      branches                 
   <not supported>      branch-misses            

       0.001434559 seconds time elapsed                                          ( +-  0.86% )


 Performance counter stats for './mandelbrot_omp -0.188 -0.012 0.554 0.754 32' (10 runs):

          3.267913      task-clock (msec)         #    2.168 CPUs utilized            ( +-  1.10% )
                82      context-switches          #    0.025 M/sec                    ( +-  5.22% )
                50      cpu-migrations            #    0.015 M/sec                    ( +-  4.51% )
               129      page-faults               #    0.039 M/sec                    ( +-  0.23% )
   <not supported>      cycles                   
   <not supported>      stalled-cycles-frontend  
   <not supported>      stalled-cycles-backend   
   <not supported>      instructions             
   <not supported>      branches                 
   <not supported>      branch-misses            

       0.001507182 seconds time elapsed                                          ( +-  0.82% )


 Performance counter stats for './mandelbrot_omp -0.188 -0.012 0.554 0.754 64' (10 runs):

          9.139674      task-clock (msec)         #    3.926 CPUs utilized            ( +-  1.11% )
                88      context-switches          #    0.010 M/sec                    ( +-  3.40% )
                61      cpu-migrations            #    0.007 M/sec                    ( +-  4.65% )
               128      page-faults               #    0.014 M/sec                    ( +-  0.29% )
   <not supported>      cycles                   
   <not supported>      stalled-cycles-frontend  
   <not supported>      stalled-cycles-backend   
   <not supported>      instructions             
   <not supported>      branches                 
   <not supported>      branch-misses            

       0.002328103 seconds time elapsed                                          ( +-  0.76% )


 Performance counter stats for './mandelbrot_omp -0.188 -0.012 0.554 0.754 128' (10 runs):

         33.319062      task-clock (msec)         #    5.786 CPUs utilized            ( +-  0.58% )
                97      context-switches          #    0.003 M/sec                    ( +-  0.85% )
                62      cpu-migrations            #    0.002 M/sec                    ( +-  4.25% )
               128      page-faults               #    0.004 M/sec                    ( +-  0.17% )
   <not supported>      cycles                   
   <not supported>      stalled-cycles-frontend  
   <not supported>      stalled-cycles-backend   
   <not supported>      instructions             
   <not supported>      branches                 
   <not supported>      branch-misses            

       0.005758577 seconds time elapsed                                          ( +-  1.38% )


 Performance counter stats for './mandelbrot_omp -0.188 -0.012 0.554 0.754 256' (10 runs):

        129.510844      task-clock (msec)         #    7.199 CPUs utilized            ( +-  0.27% )
               103      context-switches          #    0.798 K/sec                    ( +-  2.26% )
                69      cpu-migrations            #    0.531 K/sec                    ( +-  3.37% )
               129      page-faults               #    0.994 K/sec                    ( +-  0.20% )
   <not supported>      cycles                   
   <not supported>      stalled-cycles-frontend  
   <not supported>      stalled-cycles-backend   
   <not supported>      instructions             
   <not supported>      branches                 
   <not supported>      branch-misses            

       0.017989417 seconds time elapsed                                          ( +-  0.35% )


 Performance counter stats for './mandelbrot_omp -0.188 -0.012 0.554 0.754 512' (10 runs):

        514.564453      task-clock (msec)         #    7.690 CPUs utilized            ( +-  0.23% )
               129      context-switches          #    0.251 K/sec                    ( +-  1.50% )
                72      cpu-migrations            #    0.139 K/sec                    ( +-  2.82% )
               128      page-faults               #    0.248 K/sec                    ( +-  0.33% )
   <not supported>      cycles                   
   <not supported>      stalled-cycles-frontend  
   <not supported>      stalled-cycles-backend   
   <not supported>      instructions             
   <not supported>      branches                 
   <not supported>      branch-misses            

       0.066911241 seconds time elapsed                                          ( +-  0.24% )


 Performance counter stats for './mandelbrot_omp -0.188 -0.012 0.554 0.754 1024' (10 runs):

       2068.317860      task-clock (msec)         #    7.883 CPUs utilized            ( +-  0.22% )
               291      context-switches          #    0.141 K/sec                    ( +-  2.70% )
                84      cpu-migrations            #    0.041 K/sec                    ( +-  2.98% )
               128      page-faults               #    0.062 K/sec                    ( +-  0.26% )
   <not supported>      cycles                   
   <not supported>      stalled-cycles-frontend  
   <not supported>      stalled-cycles-backend   
   <not supported>      instructions             
   <not supported>      branches                 
   <not supported>      branch-misses            

       0.262390164 seconds time elapsed                                          ( +-  0.23% )


 Performance counter stats for './mandelbrot_omp -0.188 -0.012 0.554 0.754 2048' (10 runs):

       8466.914532      task-clock (msec)         #    7.977 CPUs utilized            ( +-  0.24% )
             1,054      context-switches          #    0.124 K/sec                    ( +-  0.58% )
               104      cpu-migrations            #    0.012 K/sec                    ( +-  4.16% )
               128      page-faults               #    0.015 K/sec                    ( +-  0.24% )
   <not supported>      cycles                   
   <not supported>      stalled-cycles-frontend  
   <not supported>      stalled-cycles-backend   
   <not supported>      instructions             
   <not supported>      branches                 
   <not supported>      branch-misses            

       1.061384663 seconds time elapsed                                          ( +-  0.25% )


 Performance counter stats for './mandelbrot_omp -0.188 -0.012 0.554 0.754 4096' (10 runs):

      34008.494103      task-clock (msec)         #    7.992 CPUs utilized            ( +-  0.08% )
             4,249      context-switches          #    0.125 K/sec                    ( +-  0.28% )
               109      cpu-migrations            #    0.003 K/sec                    ( +-  3.48% )
               128      page-faults               #    0.004 K/sec                    ( +-  0.30% )
   <not supported>      cycles                   
   <not supported>      stalled-cycles-frontend  
   <not supported>      stalled-cycles-backend   
   <not supported>      instructions             
   <not supported>      branches                 
   <not supported>      branch-misses            

       4.255369398 seconds time elapsed                                          ( +-  0.08% )


 Performance counter stats for './mandelbrot_omp -0.188 -0.012 0.554 0.754 8192' (10 runs):

     135861.798147      task-clock (msec)         #    7.997 CPUs utilized            ( +-  0.03% )
            17,076      context-switches          #    0.126 K/sec                    ( +-  0.10% )
               108      cpu-migrations            #    0.001 K/sec                    ( +-  2.16% )
               128      page-faults               #    0.001 K/sec                    ( +-  0.33% )
   <not supported>      cycles                   
   <not supported>      stalled-cycles-frontend  
   <not supported>      stalled-cycles-backend   
   <not supported>      instructions             
   <not supported>      branches                 
   <not supported>      branch-misses            

      16.988948688 seconds time elapsed                                          ( +-  0.03% )

