
 Performance counter stats for './mandelbrot_omp -2.5 1.5 -2.0 2.0 16' (10 runs):

          0.455036      task-clock (msec)         #    0.754 CPUs utilized            ( +-  1.73% )
                 0      context-switches          #    0.000 K/sec                  
                 1      cpu-migrations            #    0.002 M/sec                  
                64      page-faults               #    0.141 M/sec                    ( +-  0.45% )
   <not supported>      cycles                   
   <not supported>      stalled-cycles-frontend  
   <not supported>      stalled-cycles-backend   
   <not supported>      instructions             
   <not supported>      branches                 
   <not supported>      branch-misses            

       0.000603353 seconds time elapsed                                          ( +-  1.39% )


 Performance counter stats for './mandelbrot_omp -2.5 1.5 -2.0 2.0 32' (10 runs):

          0.589548      task-clock (msec)         #    0.881 CPUs utilized            ( +-  3.61% )
                 0      context-switches          #    0.000 K/sec                  
                 1      cpu-migrations            #    0.002 M/sec                  
                64      page-faults               #    0.108 M/sec                    ( +-  0.28% )
   <not supported>      cycles                   
   <not supported>      stalled-cycles-frontend  
   <not supported>      stalled-cycles-backend   
   <not supported>      instructions             
   <not supported>      branches                 
   <not supported>      branch-misses            

       0.000669420 seconds time elapsed                                          ( +-  2.43% )


 Performance counter stats for './mandelbrot_omp -2.5 1.5 -2.0 2.0 64' (10 runs):

          1.171315      task-clock (msec)         #    1.231 CPUs utilized            ( +-  2.22% )
                 0      context-switches          #    0.000 K/sec                  
                 1      cpu-migrations            #    0.854 K/sec                  
                64      page-faults               #    0.055 M/sec                    ( +-  0.47% )
   <not supported>      cycles                   
   <not supported>      stalled-cycles-frontend  
   <not supported>      stalled-cycles-backend   
   <not supported>      instructions             
   <not supported>      branches                 
   <not supported>      branch-misses            

       0.000951149 seconds time elapsed                                          ( +-  1.82% )


 Performance counter stats for './mandelbrot_omp -2.5 1.5 -2.0 2.0 128' (10 runs):

          3.421557      task-clock (msec)         #    1.625 CPUs utilized            ( +-  0.90% )
                 0      context-switches          #    0.000 K/sec                  
                 1      cpu-migrations            #    0.292 K/sec                  
                64      page-faults               #    0.019 M/sec                    ( +-  0.47% )
   <not supported>      cycles                   
   <not supported>      stalled-cycles-frontend  
   <not supported>      stalled-cycles-backend   
   <not supported>      instructions             
   <not supported>      branches                 
   <not supported>      branch-misses            

       0.002105728 seconds time elapsed                                          ( +-  0.75% )


 Performance counter stats for './mandelbrot_omp -2.5 1.5 -2.0 2.0 256' (10 runs):

         12.032779      task-clock (msec)         #    1.877 CPUs utilized            ( +-  0.69% )
                 0      context-switches          #    0.000 K/sec                  
                 1      cpu-migrations            #    0.083 K/sec                  
                64      page-faults               #    0.005 M/sec                    ( +-  0.54% )
   <not supported>      cycles                   
   <not supported>      stalled-cycles-frontend  
   <not supported>      stalled-cycles-backend   
   <not supported>      instructions             
   <not supported>      branches                 
   <not supported>      branch-misses            

       0.006409818 seconds time elapsed                                          ( +-  0.62% )


 Performance counter stats for './mandelbrot_omp -2.5 1.5 -2.0 2.0 512' (10 runs):

         47.320219      task-clock (msec)         #    1.966 CPUs utilized            ( +-  0.41% )
                 0      context-switches          #    0.002 K/sec                    ( +-100.00% )
                 1      cpu-migrations            #    0.021 K/sec                  
                64      page-faults               #    0.001 M/sec                    ( +-  0.45% )
   <not supported>      cycles                   
   <not supported>      stalled-cycles-frontend  
   <not supported>      stalled-cycles-backend   
   <not supported>      instructions             
   <not supported>      branches                 
   <not supported>      branch-misses            

       0.024073987 seconds time elapsed                                          ( +-  0.42% )


 Performance counter stats for './mandelbrot_omp -2.5 1.5 -2.0 2.0 1024' (10 runs):

        184.946904      task-clock (msec)         #    1.990 CPUs utilized            ( +-  0.35% )
                 1      context-switches          #    0.004 K/sec                    ( +- 67.51% )
                 1      cpu-migrations            #    0.005 K/sec                  
                64      page-faults               #    0.347 K/sec                    ( +-  0.31% )
   <not supported>      cycles                   
   <not supported>      stalled-cycles-frontend  
   <not supported>      stalled-cycles-backend   
   <not supported>      instructions             
   <not supported>      branches                 
   <not supported>      branch-misses            

       0.092957862 seconds time elapsed                                          ( +-  0.36% )


 Performance counter stats for './mandelbrot_omp -2.5 1.5 -2.0 2.0 2048' (10 runs):

        738.639226      task-clock (msec)         #    1.996 CPUs utilized            ( +-  0.26% )
                 1      context-switches          #    0.002 K/sec                    ( +- 36.85% )
                 1      cpu-migrations            #    0.001 K/sec                  
                63      page-faults               #    0.086 K/sec                    ( +-  0.35% )
   <not supported>      cycles                   
   <not supported>      stalled-cycles-frontend  
   <not supported>      stalled-cycles-backend   
   <not supported>      instructions             
   <not supported>      branches                 
   <not supported>      branch-misses            

       0.369968894 seconds time elapsed                                          ( +-  0.26% )


 Performance counter stats for './mandelbrot_omp -2.5 1.5 -2.0 2.0 4096' (10 runs):

       2809.565011      task-clock (msec)         #    1.999 CPUs utilized            ( +-  0.26% )
                 5      context-switches          #    0.002 K/sec                    ( +-  8.67% )
                 1      cpu-migrations            #    0.000 K/sec                  
                64      page-faults               #    0.023 K/sec                    ( +-  0.49% )
   <not supported>      cycles                   
   <not supported>      stalled-cycles-frontend  
   <not supported>      stalled-cycles-backend   
   <not supported>      instructions             
   <not supported>      branches                 
   <not supported>      branch-misses            

       1.405486659 seconds time elapsed                                          ( +-  0.26% )


 Performance counter stats for './mandelbrot_omp -2.5 1.5 -2.0 2.0 8192' (10 runs):

      11265.284101      task-clock (msec)         #    2.000 CPUs utilized            ( +-  0.41% )
                20      context-switches          #    0.002 K/sec                    ( +-  3.21% )
                 1      cpu-migrations            #    0.000 K/sec                  
                64      page-faults               #    0.006 K/sec                    ( +-  0.21% )
   <not supported>      cycles                   
   <not supported>      stalled-cycles-frontend  
   <not supported>      stalled-cycles-backend   
   <not supported>      instructions             
   <not supported>      branches                 
   <not supported>      branch-misses            

       5.633544366 seconds time elapsed                                          ( +-  0.40% )

