
 Performance counter stats for './mandelbrot_omp -0.8 -0.7 0.05 0.15 16' (10 runs):

          0.719434      task-clock (msec)         #    0.980 CPUs utilized            ( +-  0.69% )
                 0      context-switches          #    0.000 K/sec                  
                 1      cpu-migrations            #    0.001 M/sec                  
                64      page-faults               #    0.089 M/sec                    ( +-  0.36% )
   <not supported>      cycles                   
   <not supported>      stalled-cycles-frontend  
   <not supported>      stalled-cycles-backend   
   <not supported>      instructions             
   <not supported>      branches                 
   <not supported>      branch-misses            

       0.000734188 seconds time elapsed                                          ( +-  0.83% )


 Performance counter stats for './mandelbrot_omp -0.8 -0.7 0.05 0.15 32' (10 runs):

          1.790817      task-clock (msec)         #    1.406 CPUs utilized            ( +-  1.85% )
                 0      context-switches          #    0.000 K/sec                  
                 1      cpu-migrations            #    0.558 K/sec                  
                64      page-faults               #    0.036 M/sec                    ( +-  0.31% )
   <not supported>      cycles                   
   <not supported>      stalled-cycles-frontend  
   <not supported>      stalled-cycles-backend   
   <not supported>      instructions             
   <not supported>      branches                 
   <not supported>      branch-misses            

       0.001273411 seconds time elapsed                                          ( +-  1.59% )


 Performance counter stats for './mandelbrot_omp -0.8 -0.7 0.05 0.15 64' (10 runs):

          6.072914      task-clock (msec)         #    1.761 CPUs utilized            ( +-  1.83% )
                 0      context-switches          #    0.000 K/sec                  
                 1      cpu-migrations            #    0.165 K/sec                  
                64      page-faults               #    0.011 M/sec                    ( +-  0.24% )
   <not supported>      cycles                   
   <not supported>      stalled-cycles-frontend  
   <not supported>      stalled-cycles-backend   
   <not supported>      instructions             
   <not supported>      branches                 
   <not supported>      branch-misses            

       0.003448426 seconds time elapsed                                          ( +-  1.77% )


 Performance counter stats for './mandelbrot_omp -0.8 -0.7 0.05 0.15 128' (10 runs):

         21.857477      task-clock (msec)         #    1.930 CPUs utilized            ( +-  0.33% )
                 0      context-switches          #    0.000 K/sec                  
                 1      cpu-migrations            #    0.046 K/sec                  
                64      page-faults               #    0.003 M/sec                    ( +-  0.40% )
   <not supported>      cycles                   
   <not supported>      stalled-cycles-frontend  
   <not supported>      stalled-cycles-backend   
   <not supported>      instructions             
   <not supported>      branches                 
   <not supported>      branch-misses            

       0.011322879 seconds time elapsed                                          ( +-  0.33% )


 Performance counter stats for './mandelbrot_omp -0.8 -0.7 0.05 0.15 256' (10 runs):

         86.767569      task-clock (msec)         #    1.980 CPUs utilized            ( +-  0.31% )
                 0      context-switches          #    0.001 K/sec                    ( +-100.00% )
                 1      cpu-migrations            #    0.014 K/sec                    ( +- 11.11% )
                64      page-faults               #    0.738 K/sec                    ( +-  0.57% )
   <not supported>      cycles                   
   <not supported>      stalled-cycles-frontend  
   <not supported>      stalled-cycles-backend   
   <not supported>      instructions             
   <not supported>      branches                 
   <not supported>      branch-misses            

       0.043814610 seconds time elapsed                                          ( +-  0.31% )


 Performance counter stats for './mandelbrot_omp -0.8 -0.7 0.05 0.15 512' (10 runs):

        343.474447      task-clock (msec)         #    1.994 CPUs utilized            ( +-  0.21% )
                 1      context-switches          #    0.003 K/sec                    ( +- 47.14% )
                 1      cpu-migrations            #    0.003 K/sec                  
                64      page-faults               #    0.187 K/sec                    ( +-  0.43% )
   <not supported>      cycles                   
   <not supported>      stalled-cycles-frontend  
   <not supported>      stalled-cycles-backend   
   <not supported>      instructions             
   <not supported>      branches                 
   <not supported>      branch-misses            

       0.172243570 seconds time elapsed                                          ( +-  0.22% )


 Performance counter stats for './mandelbrot_omp -0.8 -0.7 0.05 0.15 1024' (10 runs):

       1362.795567      task-clock (msec)         #    1.998 CPUs utilized            ( +-  0.11% )
                 2      context-switches          #    0.002 K/sec                    ( +- 24.29% )
                 1      cpu-migrations            #    0.001 K/sec                  
                64      page-faults               #    0.047 K/sec                    ( +-  0.61% )
   <not supported>      cycles                   
   <not supported>      stalled-cycles-frontend  
   <not supported>      stalled-cycles-backend   
   <not supported>      instructions             
   <not supported>      branches                 
   <not supported>      branch-misses            

       0.682043710 seconds time elapsed                                          ( +-  0.11% )


 Performance counter stats for './mandelbrot_omp -0.8 -0.7 0.05 0.15 2048' (10 runs):

       5479.503835      task-clock (msec)         #    2.000 CPUs utilized            ( +-  0.10% )
                10      context-switches          #    0.002 K/sec                    ( +-  5.72% )
                 1      cpu-migrations            #    0.000 K/sec                    ( +- 11.11% )
                64      page-faults               #    0.012 K/sec                    ( +-  0.56% )
   <not supported>      cycles                   
   <not supported>      stalled-cycles-frontend  
   <not supported>      stalled-cycles-backend   
   <not supported>      instructions             
   <not supported>      branches                 
   <not supported>      branch-misses            

       2.740431052 seconds time elapsed                                          ( +-  0.10% )


 Performance counter stats for './mandelbrot_omp -0.8 -0.7 0.05 0.15 4096' (10 runs):

      20814.815257      task-clock (msec)         #    2.000 CPUs utilized            ( +-  0.25% )
                36      context-switches          #    0.002 K/sec                    ( +-  2.53% )
                 1      cpu-migrations            #    0.000 K/sec                  
                64      page-faults               #    0.003 K/sec                    ( +-  0.54% )
   <not supported>      cycles                   
   <not supported>      stalled-cycles-frontend  
   <not supported>      stalled-cycles-backend   
   <not supported>      instructions             
   <not supported>      branches                 
   <not supported>      branch-misses            

      10.408698316 seconds time elapsed                                          ( +-  0.25% )


 Performance counter stats for './mandelbrot_omp -0.8 -0.7 0.05 0.15 8192' (10 runs):

      81344.875907      task-clock (msec)         #    2.000 CPUs utilized            ( +-  0.69% )
               141      context-switches          #    0.002 K/sec                    ( +-  1.08% )
                 1      cpu-migrations            #    0.000 K/sec                  
                64      page-faults               #    0.001 K/sec                    ( +-  0.35% )
   <not supported>      cycles                   
   <not supported>      stalled-cycles-frontend  
   <not supported>      stalled-cycles-backend   
   <not supported>      instructions             
   <not supported>      branches                 
   <not supported>      branch-misses            

      40.675708649 seconds time elapsed                                          ( +-  0.69% )

