
 Performance counter stats for './mandelbrot_omp -0.188 -0.012 0.554 0.754 16' (10 runs):

          0.764141      task-clock (msec)         #    1.039 CPUs utilized            ( +-  0.59% )
                 0      context-switches          #    0.000 K/sec                  
                 1      cpu-migrations            #    0.001 M/sec                  
                64      page-faults               #    0.084 M/sec                    ( +-  0.34% )
   <not supported>      cycles                   
   <not supported>      stalled-cycles-frontend  
   <not supported>      stalled-cycles-backend   
   <not supported>      instructions             
   <not supported>      branches                 
   <not supported>      branch-misses            

       0.000735131 seconds time elapsed                                          ( +-  0.59% )


 Performance counter stats for './mandelbrot_omp -0.188 -0.012 0.554 0.754 32' (10 runs):

          1.907310      task-clock (msec)         #    1.442 CPUs utilized            ( +-  1.02% )
                 0      context-switches          #    0.000 K/sec                  
                 1      cpu-migrations            #    0.524 K/sec                  
                64      page-faults               #    0.034 M/sec                    ( +-  0.64% )
   <not supported>      cycles                   
   <not supported>      stalled-cycles-frontend  
   <not supported>      stalled-cycles-backend   
   <not supported>      instructions             
   <not supported>      branches                 
   <not supported>      branch-misses            

       0.001322986 seconds time elapsed                                          ( +-  1.09% )


 Performance counter stats for './mandelbrot_omp -0.188 -0.012 0.554 0.754 64' (10 runs):

          6.699108      task-clock (msec)         #    1.792 CPUs utilized            ( +-  0.76% )
                 0      context-switches          #    0.000 K/sec                  
                 1      cpu-migrations            #    0.149 K/sec                  
                64      page-faults               #    0.010 M/sec                    ( +-  0.33% )
   <not supported>      cycles                   
   <not supported>      stalled-cycles-frontend  
   <not supported>      stalled-cycles-backend   
   <not supported>      instructions             
   <not supported>      branches                 
   <not supported>      branch-misses            

       0.003739033 seconds time elapsed                                          ( +-  0.61% )


 Performance counter stats for './mandelbrot_omp -0.188 -0.012 0.554 0.754 128' (10 runs):

         24.730651      task-clock (msec)         #    1.935 CPUs utilized            ( +-  0.35% )
                 0      context-switches          #    0.000 K/sec                  
                 1      cpu-migrations            #    0.040 K/sec                  
                64      page-faults               #    0.003 M/sec                    ( +-  0.46% )
   <not supported>      cycles                   
   <not supported>      stalled-cycles-frontend  
   <not supported>      stalled-cycles-backend   
   <not supported>      instructions             
   <not supported>      branches                 
   <not supported>      branch-misses            

       0.012781358 seconds time elapsed                                          ( +-  0.39% )


 Performance counter stats for './mandelbrot_omp -0.188 -0.012 0.554 0.754 256' (10 runs):

         98.027725      task-clock (msec)         #    1.982 CPUs utilized            ( +-  0.29% )
                 0      context-switches          #    0.001 K/sec                    ( +-100.00% )
                 1      cpu-migrations            #    0.012 K/sec                    ( +- 11.11% )
                64      page-faults               #    0.655 K/sec                    ( +-  0.31% )
   <not supported>      cycles                   
   <not supported>      stalled-cycles-frontend  
   <not supported>      stalled-cycles-backend   
   <not supported>      instructions             
   <not supported>      branches                 
   <not supported>      branch-misses            

       0.049448314 seconds time elapsed                                          ( +-  0.30% )


 Performance counter stats for './mandelbrot_omp -0.188 -0.012 0.554 0.754 512' (10 runs):

        389.303798      task-clock (msec)         #    1.994 CPUs utilized            ( +-  0.19% )
                 1      context-switches          #    0.002 K/sec                    ( +- 52.04% )
                 1      cpu-migrations            #    0.003 K/sec                  
                64      page-faults               #    0.165 K/sec                    ( +-  0.49% )
   <not supported>      cycles                   
   <not supported>      stalled-cycles-frontend  
   <not supported>      stalled-cycles-backend   
   <not supported>      instructions             
   <not supported>      branches                 
   <not supported>      branch-misses            

       0.195232212 seconds time elapsed                                          ( +-  0.20% )


 Performance counter stats for './mandelbrot_omp -0.188 -0.012 0.554 0.754 1024' (10 runs):

       1552.013656      task-clock (msec)         #    1.998 CPUs utilized            ( +-  0.16% )
                 3      context-switches          #    0.002 K/sec                    ( +- 15.79% )
                 1      cpu-migrations            #    0.001 K/sec                    ( +-  9.09% )
                64      page-faults               #    0.041 K/sec                    ( +-  0.39% )
   <not supported>      cycles                   
   <not supported>      stalled-cycles-frontend  
   <not supported>      stalled-cycles-backend   
   <not supported>      instructions             
   <not supported>      branches                 
   <not supported>      branch-misses            

       0.776645137 seconds time elapsed                                          ( +-  0.16% )


 Performance counter stats for './mandelbrot_omp -0.188 -0.012 0.554 0.754 2048' (10 runs):

       6067.900820      task-clock (msec)         #    1.999 CPUs utilized            ( +-  0.74% )
                11      context-switches          #    0.002 K/sec                    ( +-  2.71% )
                 1      cpu-migrations            #    0.000 K/sec                  
                64      page-faults               #    0.011 K/sec                    ( +-  0.26% )
   <not supported>      cycles                   
   <not supported>      stalled-cycles-frontend  
   <not supported>      stalled-cycles-backend   
   <not supported>      instructions             
   <not supported>      branches                 
   <not supported>      branch-misses            

       3.034900191 seconds time elapsed                                          ( +-  0.74% )


 Performance counter stats for './mandelbrot_omp -0.188 -0.012 0.554 0.754 4096' (10 runs):

      23813.798753      task-clock (msec)         #    2.000 CPUs utilized            ( +-  0.15% )
                41      context-switches          #    0.002 K/sec                    ( +-  1.31% )
                 1      cpu-migrations            #    0.000 K/sec                  
                64      page-faults               #    0.003 K/sec                    ( +-  0.47% )
   <not supported>      cycles                   
   <not supported>      stalled-cycles-frontend  
   <not supported>      stalled-cycles-backend   
   <not supported>      instructions             
   <not supported>      branches                 
   <not supported>      branch-misses            

      11.908784822 seconds time elapsed                                          ( +-  0.15% )


 Performance counter stats for './mandelbrot_omp -0.188 -0.012 0.554 0.754 8192' (10 runs):

      97352.693142      task-clock (msec)         #    2.000 CPUs utilized            ( +-  0.21% )
               171      context-switches          #    0.002 K/sec                    ( +-  0.36% )
                 1      cpu-migrations            #    0.000 K/sec                  
                64      page-faults               #    0.001 K/sec                    ( +-  0.43% )
   <not supported>      cycles                   
   <not supported>      stalled-cycles-frontend  
   <not supported>      stalled-cycles-backend   
   <not supported>      instructions             
   <not supported>      branches                 
   <not supported>      branch-misses            

      48.678958096 seconds time elapsed                                          ( +-  0.21% )

