
 Performance counter stats for './mandelbrot_pth 0.175 0.375 -0.1 0.1 16' (10 runs):

          1.548287      task-clock (msec)         #    1.487 CPUs utilized            ( +-  1.49% )
                35      context-switches          #    0.023 M/sec                    ( +-  4.35% )
                21      cpu-migrations            #    0.013 M/sec                    ( +-  3.09% )
                94      page-faults               #    0.060 M/sec                    ( +-  0.43% )
   <not supported>      cycles                   
   <not supported>      stalled-cycles-frontend  
   <not supported>      stalled-cycles-backend   
   <not supported>      instructions             
   <not supported>      branches                 
   <not supported>      branch-misses            

       0.001041184 seconds time elapsed                                          ( +-  1.52% )


 Performance counter stats for './mandelbrot_pth 0.175 0.375 -0.1 0.1 32' (10 runs):

          2.730897      task-clock (msec)         #    2.112 CPUs utilized            ( +-  1.01% )
                40      context-switches          #    0.015 M/sec                    ( +-  7.41% )
                21      cpu-migrations            #    0.008 M/sec                    ( +-  2.61% )
                93      page-faults               #    0.034 M/sec                    ( +-  0.29% )
   <not supported>      cycles                   
   <not supported>      stalled-cycles-frontend  
   <not supported>      stalled-cycles-backend   
   <not supported>      instructions             
   <not supported>      branches                 
   <not supported>      branch-misses            

       0.001292822 seconds time elapsed                                          ( +-  2.70% )


 Performance counter stats for './mandelbrot_pth 0.175 0.375 -0.1 0.1 64' (10 runs):

          6.513279      task-clock (msec)         #    4.230 CPUs utilized            ( +-  0.30% )
                12      context-switches          #    0.002 M/sec                    ( +-  3.23% )
                15      cpu-migrations            #    0.002 M/sec                    ( +-  0.66% )
                93      page-faults               #    0.014 M/sec                    ( +-  0.45% )
   <not supported>      cycles                   
   <not supported>      stalled-cycles-frontend  
   <not supported>      stalled-cycles-backend   
   <not supported>      instructions             
   <not supported>      branches                 
   <not supported>      branch-misses            

       0.001539835 seconds time elapsed                                          ( +-  0.73% )


 Performance counter stats for './mandelbrot_pth 0.175 0.375 -0.1 0.1 128' (10 runs):

         23.257403      task-clock (msec)         #    6.022 CPUs utilized            ( +-  0.34% )
                11      context-switches          #    0.482 K/sec                    ( +- 11.89% )
                14      cpu-migrations            #    0.615 K/sec                    ( +-  1.49% )
                93      page-faults               #    0.004 M/sec                    ( +-  0.40% )
   <not supported>      cycles                   
   <not supported>      stalled-cycles-frontend  
   <not supported>      stalled-cycles-backend   
   <not supported>      instructions             
   <not supported>      branches                 
   <not supported>      branch-misses            

       0.003861766 seconds time elapsed                                          ( +-  0.39% )


 Performance counter stats for './mandelbrot_pth 0.175 0.375 -0.1 0.1 256' (10 runs):

         89.415163      task-clock (msec)         #    6.569 CPUs utilized            ( +-  0.18% )
                12      context-switches          #    0.132 K/sec                    ( +-  2.46% )
                14      cpu-migrations            #    0.161 K/sec                    ( +-  1.13% )
                93      page-faults               #    0.001 M/sec                    ( +-  0.31% )
   <not supported>      cycles                   
   <not supported>      stalled-cycles-frontend  
   <not supported>      stalled-cycles-backend   
   <not supported>      instructions             
   <not supported>      branches                 
   <not supported>      branch-misses            

       0.013611538 seconds time elapsed                                          ( +-  0.63% )


 Performance counter stats for './mandelbrot_pth 0.175 0.375 -0.1 0.1 512' (10 runs):

        364.635497      task-clock (msec)         #    6.939 CPUs utilized            ( +-  0.66% )
                32      context-switches          #    0.089 K/sec                    ( +-  1.14% )
                15      cpu-migrations            #    0.041 K/sec                    ( +-  0.90% )
                93      page-faults               #    0.254 K/sec                    ( +-  0.28% )
   <not supported>      cycles                   
   <not supported>      stalled-cycles-frontend  
   <not supported>      stalled-cycles-backend   
   <not supported>      instructions             
   <not supported>      branches                 
   <not supported>      branch-misses            

       0.052547608 seconds time elapsed                                          ( +-  1.46% )


 Performance counter stats for './mandelbrot_pth 0.175 0.375 -0.1 0.1 1024' (10 runs):

       1755.328175      task-clock (msec)         #    7.598 CPUs utilized            ( +-  0.13% )
               130      context-switches          #    0.074 K/sec                    ( +-  0.98% )
                16      cpu-migrations            #    0.009 K/sec                    ( +-  2.90% )
                93      page-faults               #    0.053 K/sec                    ( +-  0.46% )
   <not supported>      cycles                   
   <not supported>      stalled-cycles-frontend  
   <not supported>      stalled-cycles-backend   
   <not supported>      instructions             
   <not supported>      branches                 
   <not supported>      branch-misses            

       0.231009970 seconds time elapsed                                          ( +-  0.43% )


 Performance counter stats for './mandelbrot_pth 0.175 0.375 -0.1 0.1 2048' (10 runs):

       7026.930824      task-clock (msec)         #    7.717 CPUs utilized            ( +-  0.06% )
               442      context-switches          #    0.063 K/sec                    ( +-  0.74% )
                21      cpu-migrations            #    0.003 K/sec                    ( +-  4.91% )
                93      page-faults               #    0.013 K/sec                    ( +-  0.30% )
   <not supported>      cycles                   
   <not supported>      stalled-cycles-frontend  
   <not supported>      stalled-cycles-backend   
   <not supported>      instructions             
   <not supported>      branches                 
   <not supported>      branch-misses            

       0.910567991 seconds time elapsed                                          ( +-  0.37% )


 Performance counter stats for './mandelbrot_pth 0.175 0.375 -0.1 0.1 4096' (10 runs):

      28074.311409      task-clock (msec)         #    7.632 CPUs utilized            ( +-  0.16% )
             1,575      context-switches          #    0.056 K/sec                    ( +-  0.30% )
                41      cpu-migrations            #    0.001 K/sec                    ( +-  5.38% )
                93      page-faults               #    0.003 K/sec                    ( +-  0.37% )
   <not supported>      cycles                   
   <not supported>      stalled-cycles-frontend  
   <not supported>      stalled-cycles-backend   
   <not supported>      instructions             
   <not supported>      branches                 
   <not supported>      branch-misses            

       3.678390737 seconds time elapsed                                          ( +-  0.49% )


 Performance counter stats for './mandelbrot_pth 0.175 0.375 -0.1 0.1 8192' (10 runs):

     112360.783267      task-clock (msec)         #    7.670 CPUs utilized            ( +-  0.14% )
             6,068      context-switches          #    0.054 K/sec                    ( +-  0.29% )
               124      cpu-migrations            #    0.001 K/sec                    ( +-  3.12% )
                93      page-faults               #    0.001 K/sec                    ( +-  0.50% )
   <not supported>      cycles                   
   <not supported>      stalled-cycles-frontend  
   <not supported>      stalled-cycles-backend   
   <not supported>      instructions             
   <not supported>      branches                 
   <not supported>      branch-misses            

      14.648509657 seconds time elapsed                                          ( +-  0.26% )

