
 Performance counter stats for './mandelbrot_pth -0.8 -0.7 0.05 0.15 16' (10 runs):

          1.505020      task-clock (msec)         #    1.456 CPUs utilized            ( +-  1.69% )
                31      context-switches          #    0.020 M/sec                    ( +-  7.49% )
                19      cpu-migrations            #    0.013 M/sec                    ( +-  2.06% )
                93      page-faults               #    0.062 M/sec                    ( +-  0.16% )
   <not supported>      cycles                   
   <not supported>      stalled-cycles-frontend  
   <not supported>      stalled-cycles-backend   
   <not supported>      instructions             
   <not supported>      branches                 
   <not supported>      branch-misses            

       0.001033653 seconds time elapsed                                          ( +-  2.87% )


 Performance counter stats for './mandelbrot_pth -0.8 -0.7 0.05 0.15 32' (10 runs):

          2.793761      task-clock (msec)         #    2.355 CPUs utilized            ( +-  1.10% )
                40      context-switches          #    0.014 M/sec                    ( +-  7.62% )
                18      cpu-migrations            #    0.007 M/sec                    ( +-  2.31% )
                92      page-faults               #    0.033 M/sec                    ( +-  0.33% )
   <not supported>      cycles                   
   <not supported>      stalled-cycles-frontend  
   <not supported>      stalled-cycles-backend   
   <not supported>      instructions             
   <not supported>      branches                 
   <not supported>      branch-misses            

       0.001186121 seconds time elapsed                                          ( +-  1.86% )


 Performance counter stats for './mandelbrot_pth -0.8 -0.7 0.05 0.15 64' (10 runs):

          6.985377      task-clock (msec)         #    4.187 CPUs utilized            ( +-  0.38% )
                26      context-switches          #    0.004 M/sec                    ( +-  6.02% )
                17      cpu-migrations            #    0.002 M/sec                    ( +-  1.75% )
                94      page-faults               #    0.013 M/sec                    ( +-  0.32% )
   <not supported>      cycles                   
   <not supported>      stalled-cycles-frontend  
   <not supported>      stalled-cycles-backend   
   <not supported>      instructions             
   <not supported>      branches                 
   <not supported>      branch-misses            

       0.001668335 seconds time elapsed                                          ( +-  1.30% )


 Performance counter stats for './mandelbrot_pth -0.8 -0.7 0.05 0.15 128' (10 runs):

         24.350132      task-clock (msec)         #    5.718 CPUs utilized            ( +-  0.36% )
                11      context-switches          #    0.456 K/sec                    ( +-  2.49% )
                14      cpu-migrations            #    0.583 K/sec                    ( +-  0.94% )
                94      page-faults               #    0.004 M/sec                    ( +-  0.17% )
   <not supported>      cycles                   
   <not supported>      stalled-cycles-frontend  
   <not supported>      stalled-cycles-backend   
   <not supported>      instructions             
   <not supported>      branches                 
   <not supported>      branch-misses            

       0.004258545 seconds time elapsed                                          ( +-  2.21% )


 Performance counter stats for './mandelbrot_pth -0.8 -0.7 0.05 0.15 256' (10 runs):

         93.858027      task-clock (msec)         #    6.702 CPUs utilized            ( +-  0.15% )
                14      context-switches          #    0.148 K/sec                    ( +-  2.50% )
                14      cpu-migrations            #    0.150 K/sec                    ( +-  0.71% )
                93      page-faults               #    0.995 K/sec                    ( +-  0.43% )
   <not supported>      cycles                   
   <not supported>      stalled-cycles-frontend  
   <not supported>      stalled-cycles-backend   
   <not supported>      instructions             
   <not supported>      branches                 
   <not supported>      branch-misses            

       0.014004131 seconds time elapsed                                          ( +-  0.93% )


 Performance counter stats for './mandelbrot_pth -0.8 -0.7 0.05 0.15 512' (10 runs):

        377.747081      task-clock (msec)         #    7.217 CPUs utilized            ( +-  0.15% )
                37      context-switches          #    0.099 K/sec                    ( +-  1.39% )
                14      cpu-migrations            #    0.038 K/sec                    ( +-  1.13% )
                93      page-faults               #    0.247 K/sec                    ( +-  0.32% )
   <not supported>      cycles                   
   <not supported>      stalled-cycles-frontend  
   <not supported>      stalled-cycles-backend   
   <not supported>      instructions             
   <not supported>      branches                 
   <not supported>      branch-misses            

       0.052341472 seconds time elapsed                                          ( +-  0.58% )


 Performance counter stats for './mandelbrot_pth -0.8 -0.7 0.05 0.15 1024' (10 runs):

       1864.924311      task-clock (msec)         #    7.752 CPUs utilized            ( +-  0.10% )
               140      context-switches          #    0.075 K/sec                    ( +-  1.27% )
                15      cpu-migrations            #    0.008 K/sec                    ( +-  1.96% )
                93      page-faults               #    0.050 K/sec                    ( +-  0.31% )
   <not supported>      cycles                   
   <not supported>      stalled-cycles-frontend  
   <not supported>      stalled-cycles-backend   
   <not supported>      instructions             
   <not supported>      branches                 
   <not supported>      branch-misses            

       0.240568073 seconds time elapsed                                          ( +-  0.17% )


 Performance counter stats for './mandelbrot_pth -0.8 -0.7 0.05 0.15 2048' (10 runs):

       7441.426919      task-clock (msec)         #    7.686 CPUs utilized            ( +-  0.09% )
               475      context-switches          #    0.064 K/sec                    ( +-  0.47% )
                22      cpu-migrations            #    0.003 K/sec                    ( +-  3.65% )
                93      page-faults               #    0.013 K/sec                    ( +-  0.39% )
   <not supported>      cycles                   
   <not supported>      stalled-cycles-frontend  
   <not supported>      stalled-cycles-backend   
   <not supported>      instructions             
   <not supported>      branches                 
   <not supported>      branch-misses            

       0.968138345 seconds time elapsed                                          ( +-  0.37% )


 Performance counter stats for './mandelbrot_pth -0.8 -0.7 0.05 0.15 4096' (10 runs):

      29711.507780      task-clock (msec)         #    7.727 CPUs utilized            ( +-  0.05% )
             1,701      context-switches          #    0.057 K/sec                    ( +-  0.25% )
                34      cpu-migrations            #    0.001 K/sec                    ( +-  4.50% )
                93      page-faults               #    0.003 K/sec                    ( +-  0.36% )
   <not supported>      cycles                   
   <not supported>      stalled-cycles-frontend  
   <not supported>      stalled-cycles-backend   
   <not supported>      instructions             
   <not supported>      branches                 
   <not supported>      branch-misses            

       3.845148994 seconds time elapsed                                          ( +-  0.20% )


 Performance counter stats for './mandelbrot_pth -0.8 -0.7 0.05 0.15 8192' (10 runs):

     119059.944405      task-clock (msec)         #    7.748 CPUs utilized            ( +-  0.10% )
             6,587      context-switches          #    0.055 K/sec                    ( +-  0.21% )
               111      cpu-migrations            #    0.001 K/sec                    ( +-  3.72% )
                93      page-faults               #    0.001 K/sec                    ( +-  0.42% )
   <not supported>      cycles                   
   <not supported>      stalled-cycles-frontend  
   <not supported>      stalled-cycles-backend   
   <not supported>      instructions             
   <not supported>      branches                 
   <not supported>      branch-misses            

      15.366701063 seconds time elapsed                                          ( +-  0.20% )

