
 Performance counter stats for './mandelbrot_omp -2.5 1.5 -2.0 2.0 16' (10 runs):

          0.722158      task-clock (msec)         #    0.900 CPUs utilized            ( +-  4.43% )
                 0      context-switches          #    0.000 K/sec                  
                 3      cpu-migrations            #    0.004 M/sec                  
                68      page-faults               #    0.094 M/sec                    ( +-  0.29% )
   <not supported>      cycles                   
   <not supported>      stalled-cycles-frontend  
   <not supported>      stalled-cycles-backend   
   <not supported>      instructions             
   <not supported>      branches                 
   <not supported>      branch-misses            

       0.000802711 seconds time elapsed                                          ( +-  4.26% )


 Performance counter stats for './mandelbrot_omp -2.5 1.5 -2.0 2.0 32' (10 runs):

          0.841262      task-clock (msec)         #    1.067 CPUs utilized            ( +-  4.23% )
                 0      context-switches          #    0.000 K/sec                  
                 3      cpu-migrations            #    0.004 M/sec                  
                68      page-faults               #    0.081 M/sec                    ( +-  0.41% )
   <not supported>      cycles                   
   <not supported>      stalled-cycles-frontend  
   <not supported>      stalled-cycles-backend   
   <not supported>      instructions             
   <not supported>      branches                 
   <not supported>      branch-misses            

       0.000788394 seconds time elapsed                                          ( +-  4.67% )


 Performance counter stats for './mandelbrot_omp -2.5 1.5 -2.0 2.0 64' (10 runs):

          1.381996      task-clock (msec)         #    1.617 CPUs utilized            ( +-  1.25% )
                 0      context-switches          #    0.000 K/sec                  
                 3      cpu-migrations            #    0.002 M/sec                  
                68      page-faults               #    0.049 M/sec                    ( +-  0.26% )
   <not supported>      cycles                   
   <not supported>      stalled-cycles-frontend  
   <not supported>      stalled-cycles-backend   
   <not supported>      instructions             
   <not supported>      branches                 
   <not supported>      branch-misses            

       0.000854835 seconds time elapsed                                          ( +-  1.21% )


 Performance counter stats for './mandelbrot_omp -2.5 1.5 -2.0 2.0 128' (10 runs):

          3.878089      task-clock (msec)         #    2.582 CPUs utilized            ( +-  2.09% )
                 0      context-switches          #    0.000 K/sec                  
                 3      cpu-migrations            #    0.774 K/sec                  
                69      page-faults               #    0.018 M/sec                    ( +-  0.44% )
   <not supported>      cycles                   
   <not supported>      stalled-cycles-frontend  
   <not supported>      stalled-cycles-backend   
   <not supported>      instructions             
   <not supported>      branches                 
   <not supported>      branch-misses            

       0.001502218 seconds time elapsed                                          ( +-  1.65% )


 Performance counter stats for './mandelbrot_omp -2.5 1.5 -2.0 2.0 256' (10 runs):

         12.144118      task-clock (msec)         #    3.369 CPUs utilized            ( +-  0.10% )
                 0      context-switches          #    0.000 K/sec                  
                 3      cpu-migrations            #    0.247 K/sec                  
                68      page-faults               #    0.006 M/sec                    ( +-  0.44% )
   <not supported>      cycles                   
   <not supported>      stalled-cycles-frontend  
   <not supported>      stalled-cycles-backend   
   <not supported>      instructions             
   <not supported>      branches                 
   <not supported>      branch-misses            

       0.003605054 seconds time elapsed                                          ( +-  0.26% )


 Performance counter stats for './mandelbrot_omp -2.5 1.5 -2.0 2.0 512' (10 runs):

         48.295897      task-clock (msec)         #    3.761 CPUs utilized            ( +-  1.56% )
                 1      context-switches          #    0.014 K/sec                    ( +- 21.82% )
                 3      cpu-migrations            #    0.062 K/sec                  
                68      page-faults               #    0.001 M/sec                    ( +-  0.59% )
   <not supported>      cycles                   
   <not supported>      stalled-cycles-frontend  
   <not supported>      stalled-cycles-backend   
   <not supported>      instructions             
   <not supported>      branches                 
   <not supported>      branch-misses            

       0.012840160 seconds time elapsed                                          ( +-  1.52% )


 Performance counter stats for './mandelbrot_omp -2.5 1.5 -2.0 2.0 1024' (10 runs):

        195.160284      task-clock (msec)         #    3.938 CPUs utilized            ( +-  1.36% )
                 0      context-switches          #    0.001 K/sec                    ( +-100.00% )
                 4      cpu-migrations            #    0.018 K/sec                    ( +-  4.54% )
                68      page-faults               #    0.350 K/sec                    ( +-  0.31% )
   <not supported>      cycles                   
   <not supported>      stalled-cycles-frontend  
   <not supported>      stalled-cycles-backend   
   <not supported>      instructions             
   <not supported>      branches                 
   <not supported>      branch-misses            

       0.049558369 seconds time elapsed                                          ( +-  1.36% )


 Performance counter stats for './mandelbrot_omp -2.5 1.5 -2.0 2.0 2048' (10 runs):

        761.477951      task-clock (msec)         #    3.983 CPUs utilized            ( +-  1.58% )
                 2      context-switches          #    0.002 K/sec                    ( +- 56.83% )
                 3      cpu-migrations            #    0.004 K/sec                  
                69      page-faults               #    0.090 K/sec                    ( +-  0.24% )
   <not supported>      cycles                   
   <not supported>      stalled-cycles-frontend  
   <not supported>      stalled-cycles-backend   
   <not supported>      instructions             
   <not supported>      branches                 
   <not supported>      branch-misses            

       0.191163972 seconds time elapsed                                          ( +-  1.58% )


 Performance counter stats for './mandelbrot_omp -2.5 1.5 -2.0 2.0 4096' (10 runs):

       3010.942691      task-clock (msec)         #    3.996 CPUs utilized            ( +-  1.53% )
                 6      context-switches          #    0.002 K/sec                    ( +- 13.77% )
                 3      cpu-migrations            #    0.001 K/sec                  
                68      page-faults               #    0.023 K/sec                    ( +-  0.37% )
   <not supported>      cycles                   
   <not supported>      stalled-cycles-frontend  
   <not supported>      stalled-cycles-backend   
   <not supported>      instructions             
   <not supported>      branches                 
   <not supported>      branch-misses            

       0.753569895 seconds time elapsed                                          ( +-  1.53% )


 Performance counter stats for './mandelbrot_omp -2.5 1.5 -2.0 2.0 8192' (10 runs):

      12407.258041      task-clock (msec)         #    3.999 CPUs utilized            ( +-  2.84% )
                26      context-switches          #    0.002 K/sec                    ( +-  4.02% )
                 3      cpu-migrations            #    0.000 K/sec                  
                68      page-faults               #    0.006 K/sec                    ( +-  0.31% )
   <not supported>      cycles                   
   <not supported>      stalled-cycles-frontend  
   <not supported>      stalled-cycles-backend   
   <not supported>      instructions             
   <not supported>      branches                 
   <not supported>      branch-misses            

       3.102741244 seconds time elapsed                                          ( +-  2.84% )

