
 Performance counter stats for './mandelbrot_omp -0.8 -0.7 0.05 0.15 16' (10 runs):

          1.008037      task-clock (msec)         #    1.203 CPUs utilized            ( +-  0.96% )
                 0      context-switches          #    0.000 K/sec                  
                 3      cpu-migrations            #    0.003 M/sec                  
                68      page-faults               #    0.067 M/sec                    ( +-  0.33% )
   <not supported>      cycles                   
   <not supported>      stalled-cycles-frontend  
   <not supported>      stalled-cycles-backend   
   <not supported>      instructions             
   <not supported>      branches                 
   <not supported>      branch-misses            

       0.000838018 seconds time elapsed                                          ( +-  1.31% )


 Performance counter stats for './mandelbrot_omp -0.8 -0.7 0.05 0.15 32' (10 runs):

          1.917594      task-clock (msec)         #    1.895 CPUs utilized            ( +-  0.55% )
                 0      context-switches          #    0.000 K/sec                  
                 3      cpu-migrations            #    0.002 M/sec                  
                68      page-faults               #    0.036 M/sec                    ( +-  0.48% )
   <not supported>      cycles                   
   <not supported>      stalled-cycles-frontend  
   <not supported>      stalled-cycles-backend   
   <not supported>      instructions             
   <not supported>      branches                 
   <not supported>      branch-misses            

       0.001011946 seconds time elapsed                                          ( +-  1.00% )


 Performance counter stats for './mandelbrot_omp -0.8 -0.7 0.05 0.15 64' (10 runs):

          5.872415      task-clock (msec)         #    2.949 CPUs utilized            ( +-  0.20% )
                 0      context-switches          #    0.000 K/sec                  
                 3      cpu-migrations            #    0.511 K/sec                  
                68      page-faults               #    0.012 M/sec                    ( +-  0.39% )
   <not supported>      cycles                   
   <not supported>      stalled-cycles-frontend  
   <not supported>      stalled-cycles-backend   
   <not supported>      instructions             
   <not supported>      branches                 
   <not supported>      branch-misses            

       0.001991095 seconds time elapsed                                          ( +-  0.31% )


 Performance counter stats for './mandelbrot_omp -0.8 -0.7 0.05 0.15 128' (10 runs):

         22.798311      task-clock (msec)         #    3.584 CPUs utilized            ( +-  1.25% )
                 0      context-switches          #    0.013 K/sec                    ( +- 50.92% )
                 3      cpu-migrations            #    0.132 K/sec                  
                68      page-faults               #    0.003 M/sec                    ( +-  0.33% )
   <not supported>      cycles                   
   <not supported>      stalled-cycles-frontend  
   <not supported>      stalled-cycles-backend   
   <not supported>      instructions             
   <not supported>      branches                 
   <not supported>      branch-misses            

       0.006361459 seconds time elapsed                                          ( +-  1.28% )


 Performance counter stats for './mandelbrot_omp -0.8 -0.7 0.05 0.15 256' (10 runs):

         90.375511      task-clock (msec)         #    3.862 CPUs utilized            ( +-  1.83% )
                 2      context-switches          #    0.018 K/sec                    ( +- 26.68% )
                 3      cpu-migrations            #    0.035 K/sec                    ( +-  4.17% )
                69      page-faults               #    0.759 K/sec                    ( +-  0.45% )
   <not supported>      cycles                   
   <not supported>      stalled-cycles-frontend  
   <not supported>      stalled-cycles-backend   
   <not supported>      instructions             
   <not supported>      branches                 
   <not supported>      branch-misses            

       0.023403498 seconds time elapsed                                          ( +-  1.87% )


 Performance counter stats for './mandelbrot_omp -0.8 -0.7 0.05 0.15 512' (10 runs):

        339.193473      task-clock (msec)         #    3.964 CPUs utilized            ( +-  0.82% )
                 1      context-switches          #    0.004 K/sec                    ( +- 34.50% )
                 3      cpu-migrations            #    0.009 K/sec                  
                68      page-faults               #    0.201 K/sec                    ( +-  0.31% )
   <not supported>      cycles                   
   <not supported>      stalled-cycles-frontend  
   <not supported>      stalled-cycles-backend   
   <not supported>      instructions             
   <not supported>      branches                 
   <not supported>      branch-misses            

       0.085568338 seconds time elapsed                                          ( +-  0.82% )


 Performance counter stats for './mandelbrot_omp -0.8 -0.7 0.05 0.15 1024' (10 runs):

       1387.538619      task-clock (msec)         #    3.991 CPUs utilized            ( +-  1.35% )
                 3      context-switches          #    0.002 K/sec                    ( +- 29.15% )
                 3      cpu-migrations            #    0.002 K/sec                  
                68      page-faults               #    0.049 K/sec                    ( +-  0.44% )
   <not supported>      cycles                   
   <not supported>      stalled-cycles-frontend  
   <not supported>      stalled-cycles-backend   
   <not supported>      instructions             
   <not supported>      branches                 
   <not supported>      branch-misses            

       0.347696184 seconds time elapsed                                          ( +-  1.35% )


 Performance counter stats for './mandelbrot_omp -0.8 -0.7 0.05 0.15 2048' (10 runs):

       5446.146026      task-clock (msec)         #    3.997 CPUs utilized            ( +-  1.11% )
                13      context-switches          #    0.002 K/sec                    ( +-  7.52% )
                 3      cpu-migrations            #    0.001 K/sec                    ( +-  4.17% )
                68      page-faults               #    0.013 K/sec                    ( +-  0.22% )
   <not supported>      cycles                   
   <not supported>      stalled-cycles-frontend  
   <not supported>      stalled-cycles-backend   
   <not supported>      instructions             
   <not supported>      branches                 
   <not supported>      branch-misses            

       1.362426031 seconds time elapsed                                          ( +-  1.11% )


 Performance counter stats for './mandelbrot_omp -0.8 -0.7 0.05 0.15 4096' (10 runs):

      21542.241574      task-clock (msec)         #    3.999 CPUs utilized            ( +-  0.55% )
                46      context-switches          #    0.002 K/sec                    ( +-  3.05% )
                 3      cpu-migrations            #    0.000 K/sec                  
                68      page-faults               #    0.003 K/sec                    ( +-  0.41% )
   <not supported>      cycles                   
   <not supported>      stalled-cycles-frontend  
   <not supported>      stalled-cycles-backend   
   <not supported>      instructions             
   <not supported>      branches                 
   <not supported>      branch-misses            

       5.387068036 seconds time elapsed                                          ( +-  0.55% )


 Performance counter stats for './mandelbrot_omp -0.8 -0.7 0.05 0.15 8192' (10 runs):

      90406.480343      task-clock (msec)         #    3.999 CPUs utilized            ( +-  2.33% )
               185      context-switches          #    0.002 K/sec                    ( +-  2.69% )
                 3      cpu-migrations            #    0.000 K/sec                  
                68      page-faults               #    0.001 K/sec                    ( +-  0.44% )
   <not supported>      cycles                   
   <not supported>      stalled-cycles-frontend  
   <not supported>      stalled-cycles-backend   
   <not supported>      instructions             
   <not supported>      branches                 
   <not supported>      branch-misses            

      22.605220257 seconds time elapsed                                          ( +-  2.33% )

