
 Performance counter stats for './mandelbrot_pth -0.8 -0.7 0.05 0.15 16' (10 runs):

          0.756560      task-clock (msec)         #    0.761 CPUs utilized            ( +-  1.44% )
                 1      context-switches          #    0.001 M/sec                    ( +-  9.09% )
                 1      cpu-migrations            #    0.001 M/sec                  
                64      page-faults               #    0.085 M/sec                    ( +-  0.62% )
   <not supported>      cycles                   
   <not supported>      stalled-cycles-frontend  
   <not supported>      stalled-cycles-backend   
   <not supported>      instructions             
   <not supported>      branches                 
   <not supported>      branch-misses            

       0.000994672 seconds time elapsed                                          ( +-  1.46% )


 Performance counter stats for './mandelbrot_pth -0.8 -0.7 0.05 0.15 32' (10 runs):

          1.761894      task-clock (msec)         #    0.874 CPUs utilized            ( +-  0.52% )
                 1      context-switches          #    0.568 K/sec                  
                 1      cpu-migrations            #    0.568 K/sec                  
                64      page-faults               #    0.036 M/sec                    ( +-  0.54% )
   <not supported>      cycles                   
   <not supported>      stalled-cycles-frontend  
   <not supported>      stalled-cycles-backend   
   <not supported>      instructions             
   <not supported>      branches                 
   <not supported>      branch-misses            

       0.002015780 seconds time elapsed                                          ( +-  0.74% )


 Performance counter stats for './mandelbrot_pth -0.8 -0.7 0.05 0.15 64' (10 runs):

          5.698401      task-clock (msec)         #    0.955 CPUs utilized            ( +-  0.13% )
                 1      context-switches          #    0.193 K/sec                    ( +-  9.09% )
                 1      cpu-migrations            #    0.175 K/sec                  
                64      page-faults               #    0.011 M/sec                    ( +-  0.52% )
   <not supported>      cycles                   
   <not supported>      stalled-cycles-frontend  
   <not supported>      stalled-cycles-backend   
   <not supported>      instructions             
   <not supported>      branches                 
   <not supported>      branch-misses            

       0.005967515 seconds time elapsed                                          ( +-  0.19% )


 Performance counter stats for './mandelbrot_pth -0.8 -0.7 0.05 0.15 128' (10 runs):

         21.349880      task-clock (msec)         #    0.987 CPUs utilized            ( +-  0.06% )
                 1      context-switches          #    0.047 K/sec                  
                 1      cpu-migrations            #    0.047 K/sec                  
                64      page-faults               #    0.003 M/sec                    ( +-  0.63% )
   <not supported>      cycles                   
   <not supported>      stalled-cycles-frontend  
   <not supported>      stalled-cycles-backend   
   <not supported>      instructions             
   <not supported>      branches                 
   <not supported>      branch-misses            

       0.021625448 seconds time elapsed                                          ( +-  0.08% )


 Performance counter stats for './mandelbrot_pth -0.8 -0.7 0.05 0.15 256' (10 runs):

         83.957429      task-clock (msec)         #    0.996 CPUs utilized            ( +-  0.04% )
                 1      context-switches          #    0.013 K/sec                    ( +-  9.09% )
                 1      cpu-migrations            #    0.013 K/sec                    ( +-  9.09% )
                64      page-faults               #    0.765 K/sec                    ( +-  0.45% )
   <not supported>      cycles                   
   <not supported>      stalled-cycles-frontend  
   <not supported>      stalled-cycles-backend   
   <not supported>      instructions             
   <not supported>      branches                 
   <not supported>      branch-misses            

       0.084258653 seconds time elapsed                                          ( +-  0.04% )


 Performance counter stats for './mandelbrot_pth -0.8 -0.7 0.05 0.15 512' (10 runs):

        334.298619      task-clock (msec)         #    0.999 CPUs utilized            ( +-  0.03% )
                 2      context-switches          #    0.005 K/sec                    ( +- 16.67% )
                 1      cpu-migrations            #    0.003 K/sec                  
                65      page-faults               #    0.194 K/sec                    ( +-  0.24% )
   <not supported>      cycles                   
   <not supported>      stalled-cycles-frontend  
   <not supported>      stalled-cycles-backend   
   <not supported>      instructions             
   <not supported>      branches                 
   <not supported>      branch-misses            

       0.334624789 seconds time elapsed                                          ( +-  0.03% )


 Performance counter stats for './mandelbrot_pth -0.8 -0.7 0.05 0.15 1024' (10 runs):

       1333.286143      task-clock (msec)         #    1.000 CPUs utilized            ( +-  0.01% )
                 3      context-switches          #    0.002 K/sec                    ( +-  4.63% )
                 1      cpu-migrations            #    0.001 K/sec                  
                64      page-faults               #    0.048 K/sec                    ( +-  0.57% )
   <not supported>      cycles                   
   <not supported>      stalled-cycles-frontend  
   <not supported>      stalled-cycles-backend   
   <not supported>      instructions             
   <not supported>      branches                 
   <not supported>      branch-misses            

       1.333644055 seconds time elapsed                                          ( +-  0.01% )


 Performance counter stats for './mandelbrot_pth -0.8 -0.7 0.05 0.15 2048' (10 runs):

       5331.574486      task-clock (msec)         #    1.000 CPUs utilized            ( +-  0.03% )
                10      context-switches          #    0.002 K/sec                    ( +-  2.56% )
                 1      cpu-migrations            #    0.000 K/sec                  
                64      page-faults               #    0.012 K/sec                    ( +-  0.26% )
   <not supported>      cycles                   
   <not supported>      stalled-cycles-frontend  
   <not supported>      stalled-cycles-backend   
   <not supported>      instructions             
   <not supported>      branches                 
   <not supported>      branch-misses            

       5.332049912 seconds time elapsed                                          ( +-  0.03% )


 Performance counter stats for './mandelbrot_pth -0.8 -0.7 0.05 0.15 4096' (10 runs):

      21314.155668      task-clock (msec)         #    1.000 CPUs utilized            ( +-  0.01% )
                38      context-switches          #    0.002 K/sec                    ( +-  0.97% )
                 1      cpu-migrations            #    0.000 K/sec                    ( +-  9.09% )
                64      page-faults               #    0.003 K/sec                    ( +-  0.61% )
   <not supported>      cycles                   
   <not supported>      stalled-cycles-frontend  
   <not supported>      stalled-cycles-backend   
   <not supported>      instructions             
   <not supported>      branches                 
   <not supported>      branch-misses            

      21.315033572 seconds time elapsed                                          ( +-  0.01% )


 Performance counter stats for './mandelbrot_pth -0.8 -0.7 0.05 0.15 8192' (10 runs):

      86715.493659      task-clock (msec)         #    1.000 CPUs utilized            ( +-  0.56% )
               154      context-switches          #    0.002 K/sec                    ( +-  0.58% )
                 1      cpu-migrations            #    0.000 K/sec                  
                64      page-faults               #    0.001 K/sec                    ( +-  0.49% )
   <not supported>      cycles                   
   <not supported>      stalled-cycles-frontend  
   <not supported>      stalled-cycles-backend   
   <not supported>      instructions             
   <not supported>      branches                 
   <not supported>      branch-misses            

      86.717775737 seconds time elapsed                                          ( +-  0.56% )

