
 Performance counter stats for './mandelbrot_pth -2.5 1.5 -2.0 2.0 16' (10 runs):

          0.710313      task-clock (msec)         #    0.733 CPUs utilized            ( +-  2.48% )
                 2      context-switches          #    0.003 M/sec                    ( +-  6.64% )
                 2      cpu-migrations            #    0.003 M/sec                  
                64      page-faults               #    0.091 M/sec                    ( +-  0.47% )
   <not supported>      cycles                   
   <not supported>      stalled-cycles-frontend  
   <not supported>      stalled-cycles-backend   
   <not supported>      instructions             
   <not supported>      branches                 
   <not supported>      branch-misses            

       0.000968612 seconds time elapsed                                          ( +-  2.95% )


 Performance counter stats for './mandelbrot_pth -2.5 1.5 -2.0 2.0 32' (10 runs):

          0.852835      task-clock (msec)         #    0.814 CPUs utilized            ( +-  1.54% )
                 2      context-switches          #    0.002 M/sec                  
                 2      cpu-migrations            #    0.003 M/sec                    ( +-  9.09% )
                65      page-faults               #    0.076 M/sec                    ( +-  0.24% )
   <not supported>      cycles                   
   <not supported>      stalled-cycles-frontend  
   <not supported>      stalled-cycles-backend   
   <not supported>      instructions             
   <not supported>      branches                 
   <not supported>      branch-misses            

       0.001047585 seconds time elapsed                                          ( +-  1.65% )


 Performance counter stats for './mandelbrot_pth -2.5 1.5 -2.0 2.0 64' (10 runs):

          1.481015      task-clock (msec)         #    1.100 CPUs utilized            ( +-  1.11% )
                 2      context-switches          #    0.001 M/sec                    ( +-  8.55% )
                 2      cpu-migrations            #    0.001 M/sec                    ( +-  4.76% )
                65      page-faults               #    0.044 M/sec                    ( +-  0.61% )
   <not supported>      cycles                   
   <not supported>      stalled-cycles-frontend  
   <not supported>      stalled-cycles-backend   
   <not supported>      instructions             
   <not supported>      branches                 
   <not supported>      branch-misses            

       0.001346804 seconds time elapsed                                          ( +-  2.12% )


 Performance counter stats for './mandelbrot_pth -2.5 1.5 -2.0 2.0 128' (10 runs):

          3.875462      task-clock (msec)         #    1.504 CPUs utilized            ( +-  0.65% )
                 2      context-switches          #    0.542 K/sec                    ( +- 11.11% )
                 2      cpu-migrations            #    0.568 K/sec                    ( +-  9.09% )
                64      page-faults               #    0.017 M/sec                    ( +-  0.42% )
   <not supported>      cycles                   
   <not supported>      stalled-cycles-frontend  
   <not supported>      stalled-cycles-backend   
   <not supported>      instructions             
   <not supported>      branches                 
   <not supported>      branch-misses            

       0.002576172 seconds time elapsed                                          ( +-  1.05% )


 Performance counter stats for './mandelbrot_pth -2.5 1.5 -2.0 2.0 256' (10 runs):

         13.759600      task-clock (msec)         #    1.810 CPUs utilized            ( +-  0.64% )
                 2      context-switches          #    0.167 K/sec                    ( +-  9.28% )
                 2      cpu-migrations            #    0.145 K/sec                  
                64      page-faults               #    0.005 M/sec                    ( +-  0.63% )
   <not supported>      cycles                   
   <not supported>      stalled-cycles-frontend  
   <not supported>      stalled-cycles-backend   
   <not supported>      instructions             
   <not supported>      branches                 
   <not supported>      branch-misses            

       0.007600918 seconds time elapsed                                          ( +-  0.78% )


 Performance counter stats for './mandelbrot_pth -2.5 1.5 -2.0 2.0 512' (10 runs):

         51.775366      task-clock (msec)         #    1.936 CPUs utilized            ( +-  0.34% )
                 2      context-switches          #    0.039 K/sec                    ( +-  7.45% )
                 2      cpu-migrations            #    0.039 K/sec                  
                64      page-faults               #    0.001 M/sec                    ( +-  0.36% )
   <not supported>      cycles                   
   <not supported>      stalled-cycles-frontend  
   <not supported>      stalled-cycles-backend   
   <not supported>      instructions             
   <not supported>      branches                 
   <not supported>      branch-misses            

       0.026743875 seconds time elapsed                                          ( +-  0.45% )


 Performance counter stats for './mandelbrot_pth -2.5 1.5 -2.0 2.0 1024' (10 runs):

        205.192566      task-clock (msec)         #    1.962 CPUs utilized            ( +-  0.48% )
                 2      context-switches          #    0.012 K/sec                    ( +- 12.29% )
                 2      cpu-migrations            #    0.010 K/sec                    ( +-  4.76% )
                64      page-faults               #    0.314 K/sec                    ( +-  0.35% )
   <not supported>      cycles                   
   <not supported>      stalled-cycles-frontend  
   <not supported>      stalled-cycles-backend   
   <not supported>      instructions             
   <not supported>      branches                 
   <not supported>      branch-misses            

       0.104566251 seconds time elapsed                                          ( +-  0.89% )


 Performance counter stats for './mandelbrot_pth -2.5 1.5 -2.0 2.0 2048' (10 runs):

        816.530443      task-clock (msec)         #    1.965 CPUs utilized            ( +-  0.39% )
                 4      context-switches          #    0.005 K/sec                    ( +- 13.48% )
                 2      cpu-migrations            #    0.003 K/sec                    ( +-  4.76% )
                64      page-faults               #    0.078 K/sec                    ( +-  0.49% )
   <not supported>      cycles                   
   <not supported>      stalled-cycles-frontend  
   <not supported>      stalled-cycles-backend   
   <not supported>      instructions             
   <not supported>      branches                 
   <not supported>      branch-misses            

       0.415520072 seconds time elapsed                                          ( +-  0.80% )


 Performance counter stats for './mandelbrot_pth -2.5 1.5 -2.0 2.0 4096' (10 runs):

       3197.368757      task-clock (msec)         #    1.993 CPUs utilized            ( +-  0.16% )
                 8      context-switches          #    0.003 K/sec                    ( +-  5.69% )
                 2      cpu-migrations            #    0.001 K/sec                    ( +-  4.76% )
                64      page-faults               #    0.020 K/sec                    ( +-  0.36% )
   <not supported>      cycles                   
   <not supported>      stalled-cycles-frontend  
   <not supported>      stalled-cycles-backend   
   <not supported>      instructions             
   <not supported>      branches                 
   <not supported>      branch-misses            

       1.603915511 seconds time elapsed                                          ( +-  0.18% )


 Performance counter stats for './mandelbrot_pth -2.5 1.5 -2.0 2.0 8192' (10 runs):

      12864.500860      task-clock (msec)         #    1.978 CPUs utilized            ( +-  0.42% )
                26      context-switches          #    0.002 K/sec                    ( +-  2.25% )
                 2      cpu-migrations            #    0.000 K/sec                    ( +-  4.76% )
                64      page-faults               #    0.005 K/sec                    ( +-  0.33% )
   <not supported>      cycles                   
   <not supported>      stalled-cycles-frontend  
   <not supported>      stalled-cycles-backend   
   <not supported>      instructions             
   <not supported>      branches                 
   <not supported>      branch-misses            

       6.504294881 seconds time elapsed                                          ( +-  0.81% )

