
 Performance counter stats for './mandelbrot_pth -0.8 -0.7 0.05 0.15 16' (10 runs):

          0.970985      task-clock (msec)         #    0.896 CPUs utilized            ( +-  1.34% )
                 2      context-switches          #    0.002 M/sec                    ( +-  4.76% )
                 2      cpu-migrations            #    0.002 M/sec                    ( +-  4.76% )
                64      page-faults               #    0.066 M/sec                    ( +-  0.49% )
   <not supported>      cycles                   
   <not supported>      stalled-cycles-frontend  
   <not supported>      stalled-cycles-backend   
   <not supported>      instructions             
   <not supported>      branches                 
   <not supported>      branch-misses            

       0.001084228 seconds time elapsed                                          ( +-  1.78% )


 Performance counter stats for './mandelbrot_pth -0.8 -0.7 0.05 0.15 32' (10 runs):

          2.156615      task-clock (msec)         #    1.249 CPUs utilized            ( +-  0.69% )
                 1      context-switches          #    0.510 K/sec                    ( +-  9.09% )
                 2      cpu-migrations            #    0.927 K/sec                  
                64      page-faults               #    0.030 M/sec                    ( +-  0.35% )
   <not supported>      cycles                   
   <not supported>      stalled-cycles-frontend  
   <not supported>      stalled-cycles-backend   
   <not supported>      instructions             
   <not supported>      branches                 
   <not supported>      branch-misses            

       0.001726127 seconds time elapsed                                          ( +-  0.69% )


 Performance counter stats for './mandelbrot_pth -0.8 -0.7 0.05 0.15 64' (10 runs):

          6.695993      task-clock (msec)         #    1.531 CPUs utilized            ( +-  1.85% )
                 1      context-switches          #    0.149 K/sec                  
                 2      cpu-migrations            #    0.329 K/sec                    ( +-  9.09% )
                64      page-faults               #    0.010 M/sec                    ( +-  0.51% )
   <not supported>      cycles                   
   <not supported>      stalled-cycles-frontend  
   <not supported>      stalled-cycles-backend   
   <not supported>      instructions             
   <not supported>      branches                 
   <not supported>      branch-misses            

       0.004373411 seconds time elapsed                                          ( +-  1.82% )


 Performance counter stats for './mandelbrot_pth -0.8 -0.7 0.05 0.15 128' (10 runs):

         23.875134      task-clock (msec)         #    1.703 CPUs utilized            ( +-  0.27% )
                 2      context-switches          #    0.067 K/sec                    ( +- 19.09% )
                 2      cpu-migrations            #    0.084 K/sec                  
                64      page-faults               #    0.003 M/sec                    ( +-  0.39% )
   <not supported>      cycles                   
   <not supported>      stalled-cycles-frontend  
   <not supported>      stalled-cycles-backend   
   <not supported>      instructions             
   <not supported>      branches                 
   <not supported>      branch-misses            

       0.014021247 seconds time elapsed                                          ( +-  0.38% )


 Performance counter stats for './mandelbrot_pth -0.8 -0.7 0.05 0.15 256' (10 runs):

         94.495300      task-clock (msec)         #    1.762 CPUs utilized            ( +-  0.22% )
                 1      context-switches          #    0.014 K/sec                    ( +- 11.75% )
                 2      cpu-migrations            #    0.023 K/sec                    ( +-  6.06% )
                64      page-faults               #    0.682 K/sec                    ( +-  0.41% )
   <not supported>      cycles                   
   <not supported>      stalled-cycles-frontend  
   <not supported>      stalled-cycles-backend   
   <not supported>      instructions             
   <not supported>      branches                 
   <not supported>      branch-misses            

       0.053637499 seconds time elapsed                                          ( +-  0.22% )


 Performance counter stats for './mandelbrot_pth -0.8 -0.7 0.05 0.15 512' (10 runs):

        366.892114      task-clock (msec)         #    1.769 CPUs utilized            ( +-  0.34% )
                 2      context-switches          #    0.005 K/sec                    ( +- 25.93% )
                 2      cpu-migrations            #    0.005 K/sec                  
                64      page-faults               #    0.174 K/sec                    ( +-  0.47% )
   <not supported>      cycles                   
   <not supported>      stalled-cycles-frontend  
   <not supported>      stalled-cycles-backend   
   <not supported>      instructions             
   <not supported>      branches                 
   <not supported>      branch-misses            

       0.207435491 seconds time elapsed                                          ( +-  0.23% )


 Performance counter stats for './mandelbrot_pth -0.8 -0.7 0.05 0.15 1024' (10 runs):

       1457.569879      task-clock (msec)         #    1.768 CPUs utilized            ( +-  0.11% )
                 4      context-switches          #    0.003 K/sec                    ( +- 12.36% )
                 2      cpu-migrations            #    0.001 K/sec                  
                64      page-faults               #    0.044 K/sec                    ( +-  0.62% )
   <not supported>      cycles                   
   <not supported>      stalled-cycles-frontend  
   <not supported>      stalled-cycles-backend   
   <not supported>      instructions             
   <not supported>      branches                 
   <not supported>      branch-misses            

       0.824392659 seconds time elapsed                                          ( +-  0.11% )


 Performance counter stats for './mandelbrot_pth -0.8 -0.7 0.05 0.15 2048' (10 runs):

       6041.591341      task-clock (msec)         #    1.742 CPUs utilized            ( +-  0.44% )
                12      context-switches          #    0.002 K/sec                    ( +-  3.63% )
                 2      cpu-migrations            #    0.000 K/sec                  
                64      page-faults               #    0.011 K/sec                    ( +-  0.58% )
   <not supported>      cycles                   
   <not supported>      stalled-cycles-frontend  
   <not supported>      stalled-cycles-backend   
   <not supported>      instructions             
   <not supported>      branches                 
   <not supported>      branch-misses            

       3.467980936 seconds time elapsed                                          ( +-  0.77% )


 Performance counter stats for './mandelbrot_pth -0.8 -0.7 0.05 0.15 4096' (10 runs):

      23624.773880      task-clock (msec)         #    1.772 CPUs utilized            ( +-  0.20% )
                43      context-switches          #    0.002 K/sec                    ( +-  1.14% )
                 2      cpu-migrations            #    0.000 K/sec                  
                64      page-faults               #    0.003 K/sec                    ( +-  0.47% )
   <not supported>      cycles                   
   <not supported>      stalled-cycles-frontend  
   <not supported>      stalled-cycles-backend   
   <not supported>      instructions             
   <not supported>      branches                 
   <not supported>      branch-misses            

      13.331221560 seconds time elapsed                                          ( +-  0.10% )


 Performance counter stats for './mandelbrot_pth -0.8 -0.7 0.05 0.15 8192' (10 runs):

      94776.238363      task-clock (msec)         #    1.771 CPUs utilized            ( +-  0.29% )
               168      context-switches          #    0.002 K/sec                    ( +-  0.61% )
                 2      cpu-migrations            #    0.000 K/sec                    ( +-  9.28% )
                64      page-faults               #    0.001 K/sec                    ( +-  0.53% )
   <not supported>      cycles                   
   <not supported>      stalled-cycles-frontend  
   <not supported>      stalled-cycles-backend   
   <not supported>      instructions             
   <not supported>      branches                 
   <not supported>      branch-misses            

      53.509416120 seconds time elapsed                                          ( +-  0.28% )

