
 Performance counter stats for './mandelbrot_omp 0.175 0.375 -0.1 0.1 16' (10 runs):

          0.636037      task-clock (msec)         #    0.758 CPUs utilized            ( +-  0.58% )
                 0      context-switches          #    0.000 K/sec                  
                 0      cpu-migrations            #    0.000 K/sec                  
                62      page-faults               #    0.098 M/sec                    ( +-  0.40% )
   <not supported>      cycles                   
   <not supported>      stalled-cycles-frontend  
   <not supported>      stalled-cycles-backend   
   <not supported>      instructions             
   <not supported>      branches                 
   <not supported>      branch-misses            

       0.000838902 seconds time elapsed                                          ( +-  0.84% )


 Performance counter stats for './mandelbrot_omp 0.175 0.375 -0.1 0.1 32' (10 runs):

          1.567427      task-clock (msec)         #    0.886 CPUs utilized            ( +-  0.19% )
                 0      context-switches          #    0.000 K/sec                  
                 0      cpu-migrations            #    0.000 K/sec                  
                62      page-faults               #    0.039 M/sec                    ( +-  0.51% )
   <not supported>      cycles                   
   <not supported>      stalled-cycles-frontend  
   <not supported>      stalled-cycles-backend   
   <not supported>      instructions             
   <not supported>      branches                 
   <not supported>      branch-misses            

       0.001768704 seconds time elapsed                                          ( +-  0.29% )


 Performance counter stats for './mandelbrot_omp 0.175 0.375 -0.1 0.1 64' (10 runs):

          5.367850      task-clock (msec)         #    0.962 CPUs utilized            ( +-  1.21% )
                 0      context-switches          #    0.000 K/sec                  
                 0      cpu-migrations            #    0.000 K/sec                  
                62      page-faults               #    0.012 M/sec                    ( +-  0.36% )
   <not supported>      cycles                   
   <not supported>      stalled-cycles-frontend  
   <not supported>      stalled-cycles-backend   
   <not supported>      instructions             
   <not supported>      branches                 
   <not supported>      branch-misses            

       0.005577907 seconds time elapsed                                          ( +-  1.19% )


 Performance counter stats for './mandelbrot_omp 0.175 0.375 -0.1 0.1 128' (10 runs):

         20.086305      task-clock (msec)         #    0.988 CPUs utilized            ( +-  0.08% )
                 0      context-switches          #    0.010 K/sec                    ( +- 66.67% )
                 0      cpu-migrations            #    0.000 K/sec                  
                62      page-faults               #    0.003 M/sec                    ( +-  0.48% )
   <not supported>      cycles                   
   <not supported>      stalled-cycles-frontend  
   <not supported>      stalled-cycles-backend   
   <not supported>      instructions             
   <not supported>      branches                 
   <not supported>      branch-misses            

       0.020338817 seconds time elapsed                                          ( +-  0.09% )


 Performance counter stats for './mandelbrot_omp 0.175 0.375 -0.1 0.1 256' (10 runs):

         79.324974      task-clock (msec)         #    0.996 CPUs utilized            ( +-  0.03% )
                 0      context-switches          #    0.004 K/sec                    ( +- 71.15% )
                 0      cpu-migrations            #    0.000 K/sec                  
                62      page-faults               #    0.778 K/sec                    ( +-  0.54% )
   <not supported>      cycles                   
   <not supported>      stalled-cycles-frontend  
   <not supported>      stalled-cycles-backend   
   <not supported>      instructions             
   <not supported>      branches                 
   <not supported>      branch-misses            

       0.079667322 seconds time elapsed                                          ( +-  0.03% )


 Performance counter stats for './mandelbrot_omp 0.175 0.375 -0.1 0.1 512' (10 runs):

        314.928826      task-clock (msec)         #    0.999 CPUs utilized            ( +-  0.02% )
                 1      context-switches          #    0.003 K/sec                    ( +- 25.82% )
                 0      cpu-migrations            #    0.000 K/sec                  
                62      page-faults               #    0.198 K/sec                    ( +-  0.35% )
   <not supported>      cycles                   
   <not supported>      stalled-cycles-frontend  
   <not supported>      stalled-cycles-backend   
   <not supported>      instructions             
   <not supported>      branches                 
   <not supported>      branch-misses            

       0.315329313 seconds time elapsed                                          ( +-  0.02% )


 Performance counter stats for './mandelbrot_omp 0.175 0.375 -0.1 0.1 1024' (10 runs):

       1258.104662      task-clock (msec)         #    1.000 CPUs utilized            ( +-  0.02% )
                 4      context-switches          #    0.003 K/sec                    ( +-  8.78% )
                 0      cpu-migrations            #    0.000 K/sec                  
                62      page-faults               #    0.049 K/sec                    ( +-  0.45% )
   <not supported>      cycles                   
   <not supported>      stalled-cycles-frontend  
   <not supported>      stalled-cycles-backend   
   <not supported>      instructions             
   <not supported>      branches                 
   <not supported>      branch-misses            

       1.258621338 seconds time elapsed                                          ( +-  0.02% )


 Performance counter stats for './mandelbrot_omp 0.175 0.375 -0.1 0.1 2048' (10 runs):

       5106.821456      task-clock (msec)         #    1.000 CPUs utilized            ( +-  0.23% )
                14      context-switches          #    0.003 K/sec                    ( +-  2.26% )
                 0      cpu-migrations            #    0.000 K/sec                    ( +-100.00% )
                62      page-faults               #    0.012 K/sec                    ( +-  0.70% )
   <not supported>      cycles                   
   <not supported>      stalled-cycles-frontend  
   <not supported>      stalled-cycles-backend   
   <not supported>      instructions             
   <not supported>      branches                 
   <not supported>      branch-misses            

       5.108703696 seconds time elapsed                                          ( +-  0.23% )


 Performance counter stats for './mandelbrot_omp 0.175 0.375 -0.1 0.1 4096' (10 runs):

      20212.454626      task-clock (msec)         #    1.000 CPUs utilized            ( +-  0.12% )
                56      context-switches          #    0.003 K/sec                    ( +-  0.54% )
                 0      cpu-migrations            #    0.000 K/sec                  
                62      page-faults               #    0.003 K/sec                    ( +-  0.38% )
   <not supported>      cycles                   
   <not supported>      stalled-cycles-frontend  
   <not supported>      stalled-cycles-backend   
   <not supported>      instructions             
   <not supported>      branches                 
   <not supported>      branch-misses            

      20.211731016 seconds time elapsed                                          ( +-  0.12% )


 Performance counter stats for './mandelbrot_omp 0.175 0.375 -0.1 0.1 8192' (10 runs):

      81246.273609      task-clock (msec)         #    1.000 CPUs utilized            ( +-  0.33% )
               223      context-switches          #    0.003 K/sec                    ( +-  0.34% )
                 0      cpu-migrations            #    0.000 K/sec                    ( +-100.00% )
                62      page-faults               #    0.001 K/sec                    ( +-  0.48% )
   <not supported>      cycles                   
   <not supported>      stalled-cycles-frontend  
   <not supported>      stalled-cycles-backend   
   <not supported>      instructions             
   <not supported>      branches                 
   <not supported>      branch-misses            

      81.248841134 seconds time elapsed                                          ( +-  0.33% )

