
 Performance counter stats for './mandelbrot_omp -2.5 1.5 -2.0 2.0 16' (10 runs):

          0.408707      task-clock (msec)         #    0.036 CPUs utilized            ( +- 10.48% )
                 0      context-switches          #    0.734 K/sec                    ( +-100.00% )
                 0      cpu-migrations            #    0.000 K/sec                  
                62      page-faults               #    0.151 M/sec                    ( +-  0.49% )
   <not supported>      cycles                   
   <not supported>      stalled-cycles-frontend  
   <not supported>      stalled-cycles-backend   
   <not supported>      instructions             
   <not supported>      branches                 
   <not supported>      branch-misses            

       0.011394041 seconds time elapsed                                          ( +- 94.96% )


 Performance counter stats for './mandelbrot_omp -2.5 1.5 -2.0 2.0 32' (10 runs):

          0.505249      task-clock (msec)         #    0.718 CPUs utilized            ( +-  0.65% )
                 0      context-switches          #    0.000 K/sec                  
                 0      cpu-migrations            #    0.000 K/sec                  
                62      page-faults               #    0.123 M/sec                    ( +-  0.29% )
   <not supported>      cycles                   
   <not supported>      stalled-cycles-frontend  
   <not supported>      stalled-cycles-backend   
   <not supported>      instructions             
   <not supported>      branches                 
   <not supported>      branch-misses            

       0.000703431 seconds time elapsed                                          ( +-  0.73% )


 Performance counter stats for './mandelbrot_omp -2.5 1.5 -2.0 2.0 64' (10 runs):

          1.054838      task-clock (msec)         #    0.819 CPUs utilized            ( +-  0.17% )
                 0      context-switches          #    0.095 K/sec                    ( +-100.00% )
                 0      cpu-migrations            #    0.000 K/sec                  
                62      page-faults               #    0.058 M/sec                    ( +-  0.49% )
   <not supported>      cycles                   
   <not supported>      stalled-cycles-frontend  
   <not supported>      stalled-cycles-backend   
   <not supported>      instructions             
   <not supported>      branches                 
   <not supported>      branch-misses            

       0.001288672 seconds time elapsed                                          ( +-  0.50% )


 Performance counter stats for './mandelbrot_omp -2.5 1.5 -2.0 2.0 128' (10 runs):

          3.205364      task-clock (msec)         #    0.934 CPUs utilized            ( +-  0.27% )
                 0      context-switches          #    0.000 K/sec                  
                 0      cpu-migrations            #    0.000 K/sec                  
                62      page-faults               #    0.019 M/sec                    ( +-  0.26% )
   <not supported>      cycles                   
   <not supported>      stalled-cycles-frontend  
   <not supported>      stalled-cycles-backend   
   <not supported>      instructions             
   <not supported>      branches                 
   <not supported>      branch-misses            

       0.003430821 seconds time elapsed                                          ( +-  0.39% )


 Performance counter stats for './mandelbrot_omp -2.5 1.5 -2.0 2.0 256' (10 runs):

         11.740311      task-clock (msec)         #    0.980 CPUs utilized            ( +-  0.04% )
                 0      context-switches          #    0.009 K/sec                    ( +-100.00% )
                 0      cpu-migrations            #    0.000 K/sec                  
                62      page-faults               #    0.005 M/sec                    ( +-  0.48% )
   <not supported>      cycles                   
   <not supported>      stalled-cycles-frontend  
   <not supported>      stalled-cycles-backend   
   <not supported>      instructions             
   <not supported>      branches                 
   <not supported>      branch-misses            

       0.011977436 seconds time elapsed                                          ( +-  0.07% )


 Performance counter stats for './mandelbrot_omp -2.5 1.5 -2.0 2.0 512' (10 runs):

         45.869402      task-clock (msec)         #    0.994 CPUs utilized            ( +-  0.07% )
                 0      context-switches          #    0.002 K/sec                    ( +-100.00% )
                 0      cpu-migrations            #    0.004 K/sec                    ( +- 66.67% )
                62      page-faults               #    0.001 M/sec                    ( +-  0.45% )
   <not supported>      cycles                   
   <not supported>      stalled-cycles-frontend  
   <not supported>      stalled-cycles-backend   
   <not supported>      instructions             
   <not supported>      branches                 
   <not supported>      branch-misses            

       0.046165602 seconds time elapsed                                          ( +-  0.08% )


 Performance counter stats for './mandelbrot_omp -2.5 1.5 -2.0 2.0 1024' (10 runs):

        182.417042      task-clock (msec)         #    0.998 CPUs utilized            ( +-  0.15% )
                 0      context-switches          #    0.003 K/sec                    ( +- 44.72% )
                 0      cpu-migrations            #    0.000 K/sec                  
                62      page-faults               #    0.343 K/sec                    ( +-  0.27% )
   <not supported>      cycles                   
   <not supported>      stalled-cycles-frontend  
   <not supported>      stalled-cycles-backend   
   <not supported>      instructions             
   <not supported>      branches                 
   <not supported>      branch-misses            

       0.182778053 seconds time elapsed                                          ( +-  0.15% )


 Performance counter stats for './mandelbrot_omp -2.5 1.5 -2.0 2.0 2048' (10 runs):

        724.350796      task-clock (msec)         #    0.999 CPUs utilized            ( +-  0.10% )
                 2      context-switches          #    0.003 K/sec                    ( +- 16.67% )
                 0      cpu-migrations            #    0.000 K/sec                  
                62      page-faults               #    0.086 K/sec                    ( +-  0.45% )
   <not supported>      cycles                   
   <not supported>      stalled-cycles-frontend  
   <not supported>      stalled-cycles-backend   
   <not supported>      instructions             
   <not supported>      branches                 
   <not supported>      branch-misses            

       0.724803874 seconds time elapsed                                          ( +-  0.10% )


 Performance counter stats for './mandelbrot_omp -2.5 1.5 -2.0 2.0 4096' (10 runs):

       2983.289095      task-clock (msec)         #    1.000 CPUs utilized            ( +-  0.41% )
                 8      context-switches          #    0.003 K/sec                    ( +-  2.57% )
                 0      cpu-migrations            #    0.000 K/sec                  
                62      page-faults               #    0.021 K/sec                    ( +-  0.54% )
   <not supported>      cycles                   
   <not supported>      stalled-cycles-frontend  
   <not supported>      stalled-cycles-backend   
   <not supported>      instructions             
   <not supported>      branches                 
   <not supported>      branch-misses            

       2.984645105 seconds time elapsed                                          ( +-  0.41% )


 Performance counter stats for './mandelbrot_omp -2.5 1.5 -2.0 2.0 8192' (10 runs):

      11575.196246      task-clock (msec)         #    1.000 CPUs utilized            ( +-  0.16% )
                32      context-switches          #    0.003 K/sec                    ( +-  0.63% )
                 0      cpu-migrations            #    0.000 K/sec                  
                62      page-faults               #    0.005 K/sec                    ( +-  0.22% )
   <not supported>      cycles                   
   <not supported>      stalled-cycles-frontend  
   <not supported>      stalled-cycles-backend   
   <not supported>      instructions             
   <not supported>      branches                 
   <not supported>      branch-misses            

      11.576249399 seconds time elapsed                                          ( +-  0.16% )

