
 Performance counter stats for './mandelbrot_omp -0.8 -0.7 0.05 0.15 16' (10 runs):

          0.647091      task-clock (msec)         #    0.757 CPUs utilized            ( +-  0.74% )
                 0      context-switches          #    0.000 K/sec                  
                 0      cpu-migrations            #    0.000 K/sec                  
                62      page-faults               #    0.096 M/sec                    ( +-  0.35% )
   <not supported>      cycles                   
   <not supported>      stalled-cycles-frontend  
   <not supported>      stalled-cycles-backend   
   <not supported>      instructions             
   <not supported>      branches                 
   <not supported>      branch-misses            

       0.000854574 seconds time elapsed                                          ( +-  0.93% )


 Performance counter stats for './mandelbrot_omp -0.8 -0.7 0.05 0.15 32' (10 runs):

          1.623786      task-clock (msec)         #    0.890 CPUs utilized            ( +-  0.21% )
                 0      context-switches          #    0.062 K/sec                    ( +-100.00% )
                 0      cpu-migrations            #    0.000 K/sec                  
                62      page-faults               #    0.038 M/sec                    ( +-  0.48% )
   <not supported>      cycles                   
   <not supported>      stalled-cycles-frontend  
   <not supported>      stalled-cycles-backend   
   <not supported>      instructions             
   <not supported>      branches                 
   <not supported>      branch-misses            

       0.001823691 seconds time elapsed                                          ( +-  0.36% )


 Performance counter stats for './mandelbrot_omp -0.8 -0.7 0.05 0.15 64' (10 runs):

          5.548161      task-clock (msec)         #    0.961 CPUs utilized            ( +-  0.08% )
                 0      context-switches          #    0.054 K/sec                    ( +- 50.92% )
                 0      cpu-migrations            #    0.000 K/sec                  
                62      page-faults               #    0.011 M/sec                    ( +-  0.45% )
   <not supported>      cycles                   
   <not supported>      stalled-cycles-frontend  
   <not supported>      stalled-cycles-backend   
   <not supported>      instructions             
   <not supported>      branches                 
   <not supported>      branch-misses            

       0.005775571 seconds time elapsed                                          ( +-  0.13% )


 Performance counter stats for './mandelbrot_omp -0.8 -0.7 0.05 0.15 128' (10 runs):

         21.349905      task-clock (msec)         #    0.989 CPUs utilized            ( +-  0.38% )
                 0      context-switches          #    0.000 K/sec                  
                 0      cpu-migrations            #    0.000 K/sec                  
                62      page-faults               #    0.003 M/sec                    ( +-  0.51% )
   <not supported>      cycles                   
   <not supported>      stalled-cycles-frontend  
   <not supported>      stalled-cycles-backend   
   <not supported>      instructions             
   <not supported>      branches                 
   <not supported>      branch-misses            

       0.021596295 seconds time elapsed                                          ( +-  0.37% )


 Performance counter stats for './mandelbrot_omp -0.8 -0.7 0.05 0.15 256' (10 runs):

         84.100905      task-clock (msec)         #    0.996 CPUs utilized            ( +-  0.07% )
                 0      context-switches          #    0.001 K/sec                    ( +-100.00% )
                 0      cpu-migrations            #    0.000 K/sec                  
                62      page-faults               #    0.741 K/sec                    ( +-  0.48% )
   <not supported>      cycles                   
   <not supported>      stalled-cycles-frontend  
   <not supported>      stalled-cycles-backend   
   <not supported>      instructions             
   <not supported>      branches                 
   <not supported>      branch-misses            

       0.084424190 seconds time elapsed                                          ( +-  0.07% )


 Performance counter stats for './mandelbrot_omp -0.8 -0.7 0.05 0.15 512' (10 runs):

        334.442449      task-clock (msec)         #    0.999 CPUs utilized            ( +-  0.02% )
                 1      context-switches          #    0.003 K/sec                    ( +- 30.77% )
                 0      cpu-migrations            #    0.000 K/sec                  
                62      page-faults               #    0.186 K/sec                    ( +-  0.40% )
   <not supported>      cycles                   
   <not supported>      stalled-cycles-frontend  
   <not supported>      stalled-cycles-backend   
   <not supported>      instructions             
   <not supported>      branches                 
   <not supported>      branch-misses            

       0.334829799 seconds time elapsed                                          ( +-  0.02% )


 Performance counter stats for './mandelbrot_omp -0.8 -0.7 0.05 0.15 1024' (10 runs):

       1336.696321      task-clock (msec)         #    1.000 CPUs utilized            ( +-  0.03% )
                 4      context-switches          #    0.003 K/sec                    ( +- 10.70% )
                 0      cpu-migrations            #    0.000 K/sec                  
                62      page-faults               #    0.047 K/sec                    ( +-  0.48% )
   <not supported>      cycles                   
   <not supported>      stalled-cycles-frontend  
   <not supported>      stalled-cycles-backend   
   <not supported>      instructions             
   <not supported>      branches                 
   <not supported>      branch-misses            

       1.337242706 seconds time elapsed                                          ( +-  0.03% )


 Performance counter stats for './mandelbrot_omp -0.8 -0.7 0.05 0.15 2048' (10 runs):

       5391.904088      task-clock (msec)         #    1.000 CPUs utilized            ( +-  0.10% )
                15      context-switches          #    0.003 K/sec                    ( +-  1.86% )
                 0      cpu-migrations            #    0.000 K/sec                  
                62      page-faults               #    0.011 K/sec                    ( +-  0.51% )
   <not supported>      cycles                   
   <not supported>      stalled-cycles-frontend  
   <not supported>      stalled-cycles-backend   
   <not supported>      instructions             
   <not supported>      branches                 
   <not supported>      branch-misses            

       5.393673019 seconds time elapsed                                          ( +-  0.10% )


 Performance counter stats for './mandelbrot_omp -0.8 -0.7 0.05 0.15 4096' (10 runs):

      21490.953973      task-clock (msec)         #    1.000 CPUs utilized            ( +-  0.13% )
                59      context-switches          #    0.003 K/sec                    ( +-  0.53% )
                 0      cpu-migrations            #    0.000 K/sec                  
                62      page-faults               #    0.003 K/sec                    ( +-  0.32% )
   <not supported>      cycles                   
   <not supported>      stalled-cycles-frontend  
   <not supported>      stalled-cycles-backend   
   <not supported>      instructions             
   <not supported>      branches                 
   <not supported>      branch-misses            

      21.494747587 seconds time elapsed                                          ( +-  0.13% )


 Performance counter stats for './mandelbrot_omp -0.8 -0.7 0.05 0.15 8192' (10 runs):

      86115.485863      task-clock (msec)         #    1.000 CPUs utilized            ( +-  0.16% )
               237      context-switches          #    0.003 K/sec                    ( +-  0.19% )
                 0      cpu-migrations            #    0.000 K/sec                  
                62      page-faults               #    0.001 K/sec                    ( +-  0.43% )
   <not supported>      cycles                   
   <not supported>      stalled-cycles-frontend  
   <not supported>      stalled-cycles-backend   
   <not supported>      instructions             
   <not supported>      branches                 
   <not supported>      branch-misses            

      86.119959059 seconds time elapsed                                          ( +-  0.16% )

