
 Performance counter stats for './mandelbrot_omp -0.188 -0.012 0.554 0.754 16' (10 runs):

          0.689325      task-clock (msec)         #    0.779 CPUs utilized            ( +-  0.32% )
                 0      context-switches          #    0.000 K/sec                  
                 0      cpu-migrations            #    0.000 K/sec                  
                62      page-faults               #    0.089 M/sec                    ( +-  0.55% )
   <not supported>      cycles                   
   <not supported>      stalled-cycles-frontend  
   <not supported>      stalled-cycles-backend   
   <not supported>      instructions             
   <not supported>      branches                 
   <not supported>      branch-misses            

       0.000885170 seconds time elapsed                                          ( +-  0.40% )


 Performance counter stats for './mandelbrot_omp -0.188 -0.012 0.554 0.754 32' (10 runs):

          1.805588      task-clock (msec)         #    0.893 CPUs utilized            ( +-  0.20% )
                 0      context-switches          #    0.000 K/sec                  
                 0      cpu-migrations            #    0.000 K/sec                  
                62      page-faults               #    0.034 M/sec                    ( +-  0.38% )
   <not supported>      cycles                   
   <not supported>      stalled-cycles-frontend  
   <not supported>      stalled-cycles-backend   
   <not supported>      instructions             
   <not supported>      branches                 
   <not supported>      branch-misses            

       0.002022359 seconds time elapsed                                          ( +-  0.34% )


 Performance counter stats for './mandelbrot_omp -0.188 -0.012 0.554 0.754 64' (10 runs):

          6.285279      task-clock (msec)         #    0.966 CPUs utilized            ( +-  0.10% )
                 0      context-switches          #    0.000 K/sec                  
                 0      cpu-migrations            #    0.000 K/sec                  
                62      page-faults               #    0.010 M/sec                    ( +-  0.48% )
   <not supported>      cycles                   
   <not supported>      stalled-cycles-frontend  
   <not supported>      stalled-cycles-backend   
   <not supported>      instructions             
   <not supported>      branches                 
   <not supported>      branch-misses            

       0.006509811 seconds time elapsed                                          ( +-  0.19% )


 Performance counter stats for './mandelbrot_omp -0.188 -0.012 0.554 0.754 128' (10 runs):

         24.115119      task-clock (msec)         #    0.990 CPUs utilized            ( +-  0.09% )
                 0      context-switches          #    0.000 K/sec                  
                 0      cpu-migrations            #    0.000 K/sec                  
                62      page-faults               #    0.003 M/sec                    ( +-  0.35% )
   <not supported>      cycles                   
   <not supported>      stalled-cycles-frontend  
   <not supported>      stalled-cycles-backend   
   <not supported>      instructions             
   <not supported>      branches                 
   <not supported>      branch-misses            

       0.024362548 seconds time elapsed                                          ( +-  0.11% )


 Performance counter stats for './mandelbrot_omp -0.188 -0.012 0.554 0.754 256' (10 runs):

         95.522147      task-clock (msec)         #    0.996 CPUs utilized            ( +-  0.05% )
                 0      context-switches          #    0.002 K/sec                    ( +- 66.67% )
                 0      cpu-migrations            #    0.000 K/sec                  
                62      page-faults               #    0.647 K/sec                    ( +-  0.58% )
   <not supported>      cycles                   
   <not supported>      stalled-cycles-frontend  
   <not supported>      stalled-cycles-backend   
   <not supported>      instructions             
   <not supported>      branches                 
   <not supported>      branch-misses            

       0.095897617 seconds time elapsed                                          ( +-  0.05% )


 Performance counter stats for './mandelbrot_omp -0.188 -0.012 0.554 0.754 512' (10 runs):

        380.231502      task-clock (msec)         #    0.999 CPUs utilized            ( +-  0.02% )
                 1      context-switches          #    0.002 K/sec                    ( +- 25.93% )
                 0      cpu-migrations            #    0.000 K/sec                  
                62      page-faults               #    0.162 K/sec                    ( +-  0.55% )
   <not supported>      cycles                   
   <not supported>      stalled-cycles-frontend  
   <not supported>      stalled-cycles-backend   
   <not supported>      instructions             
   <not supported>      branches                 
   <not supported>      branch-misses            

       0.380624630 seconds time elapsed                                          ( +-  0.03% )


 Performance counter stats for './mandelbrot_omp -0.188 -0.012 0.554 0.754 1024' (10 runs):

       1524.146600      task-clock (msec)         #    1.000 CPUs utilized            ( +-  0.09% )
                 4      context-switches          #    0.003 K/sec                    ( +-  5.69% )
                 0      cpu-migrations            #    0.000 K/sec                  
                62      page-faults               #    0.041 K/sec                    ( +-  0.25% )
   <not supported>      cycles                   
   <not supported>      stalled-cycles-frontend  
   <not supported>      stalled-cycles-backend   
   <not supported>      instructions             
   <not supported>      branches                 
   <not supported>      branch-misses            

       1.524700099 seconds time elapsed                                          ( +-  0.09% )


 Performance counter stats for './mandelbrot_omp -0.188 -0.012 0.554 0.754 2048' (10 runs):

       6223.622894      task-clock (msec)         #    1.000 CPUs utilized            ( +-  0.35% )
                17      context-switches          #    0.003 K/sec                    ( +-  1.69% )
                 0      cpu-migrations            #    0.000 K/sec                  
                62      page-faults               #    0.010 K/sec                    ( +-  0.49% )
   <not supported>      cycles                   
   <not supported>      stalled-cycles-frontend  
   <not supported>      stalled-cycles-backend   
   <not supported>      instructions             
   <not supported>      branches                 
   <not supported>      branch-misses            

       6.225698872 seconds time elapsed                                          ( +-  0.35% )


 Performance counter stats for './mandelbrot_omp -0.188 -0.012 0.554 0.754 4096' (10 runs):

      24452.561214      task-clock (msec)         #    1.000 CPUs utilized            ( +-  0.18% )
                67      context-switches          #    0.003 K/sec                    ( +-  0.37% )
                 0      cpu-migrations            #    0.000 K/sec                  
                62      page-faults               #    0.003 K/sec                    ( +-  0.21% )
   <not supported>      cycles                   
   <not supported>      stalled-cycles-frontend  
   <not supported>      stalled-cycles-backend   
   <not supported>      instructions             
   <not supported>      branches                 
   <not supported>      branch-misses            

      24.453582999 seconds time elapsed                                          ( +-  0.18% )


 Performance counter stats for './mandelbrot_omp -0.188 -0.012 0.554 0.754 8192' (10 runs):

      99287.812248      task-clock (msec)         #    1.000 CPUs utilized            ( +-  0.37% )
               273      context-switches          #    0.003 K/sec                    ( +-  0.38% )
                 0      cpu-migrations            #    0.000 K/sec                  
                62      page-faults               #    0.001 K/sec                    ( +-  0.35% )
   <not supported>      cycles                   
   <not supported>      stalled-cycles-frontend  
   <not supported>      stalled-cycles-backend   
   <not supported>      instructions             
   <not supported>      branches                 
   <not supported>      branch-misses            

      99.290407446 seconds time elapsed                                          ( +-  0.37% )

