
 Performance counter stats for './mandelbrot_pth -0.8 -0.7 0.05 0.15 16' (10 runs):

          1.335856      task-clock (msec)         #    1.192 CPUs utilized            ( +-  0.87% )
                15      context-switches          #    0.011 M/sec                    ( +-  4.78% )
                 8      cpu-migrations            #    0.006 M/sec                    ( +-  2.22% )
                76      page-faults               #    0.057 M/sec                    ( +-  0.49% )
   <not supported>      cycles                   
   <not supported>      stalled-cycles-frontend  
   <not supported>      stalled-cycles-backend   
   <not supported>      instructions             
   <not supported>      branches                 
   <not supported>      branch-misses            

       0.001120474 seconds time elapsed                                          ( +-  1.49% )


 Performance counter stats for './mandelbrot_pth -0.8 -0.7 0.05 0.15 32' (10 runs):

          2.407014      task-clock (msec)         #    1.949 CPUs utilized            ( +-  1.06% )
                10      context-switches          #    0.004 M/sec                    ( +-  9.21% )
                 7      cpu-migrations            #    0.003 M/sec                    ( +-  1.41% )
                76      page-faults               #    0.032 M/sec                    ( +-  0.28% )
   <not supported>      cycles                   
   <not supported>      stalled-cycles-frontend  
   <not supported>      stalled-cycles-backend   
   <not supported>      instructions             
   <not supported>      branches                 
   <not supported>      branch-misses            

       0.001234999 seconds time elapsed                                          ( +-  1.87% )


 Performance counter stats for './mandelbrot_pth -0.8 -0.7 0.05 0.15 64' (10 runs):

          6.652306      task-clock (msec)         #    3.944 CPUs utilized            ( +-  0.57% )
                 1      context-switches          #    0.210 K/sec                    ( +- 11.66% )
                 7      cpu-migrations            #    0.001 M/sec                    ( +-  1.85% )
                76      page-faults               #    0.011 M/sec                    ( +-  0.49% )
   <not supported>      cycles                   
   <not supported>      stalled-cycles-frontend  
   <not supported>      stalled-cycles-backend   
   <not supported>      instructions             
   <not supported>      branches                 
   <not supported>      branch-misses            

       0.001686768 seconds time elapsed                                          ( +-  2.48% )


 Performance counter stats for './mandelbrot_pth -0.8 -0.7 0.05 0.15 128' (10 runs):

         24.561909      task-clock (msec)         #    5.440 CPUs utilized            ( +-  0.29% )
                 2      context-switches          #    0.069 K/sec                    ( +-  8.99% )
                 7      cpu-migrations            #    0.293 K/sec                    ( +-  1.85% )
                75      page-faults               #    0.003 M/sec                    ( +-  0.29% )
   <not supported>      cycles                   
   <not supported>      stalled-cycles-frontend  
   <not supported>      stalled-cycles-backend   
   <not supported>      instructions             
   <not supported>      branches                 
   <not supported>      branch-misses            

       0.004514717 seconds time elapsed                                          ( +-  0.94% )


 Performance counter stats for './mandelbrot_pth -0.8 -0.7 0.05 0.15 256' (10 runs):

         94.332752      task-clock (msec)         #    5.839 CPUs utilized            ( +-  0.43% )
                 4      context-switches          #    0.046 K/sec                    ( +-  4.96% )
                 7      cpu-migrations            #    0.075 K/sec                    ( +-  1.41% )
                75      page-faults               #    0.799 K/sec                    ( +-  0.49% )
   <not supported>      cycles                   
   <not supported>      stalled-cycles-frontend  
   <not supported>      stalled-cycles-backend   
   <not supported>      instructions             
   <not supported>      branches                 
   <not supported>      branch-misses            

       0.016155491 seconds time elapsed                                          ( +-  2.37% )


 Performance counter stats for './mandelbrot_pth -0.8 -0.7 0.05 0.15 512' (10 runs):

        370.951894      task-clock (msec)         #    6.489 CPUs utilized            ( +-  0.24% )
                13      context-switches          #    0.036 K/sec                    ( +-  6.57% )
                 7      cpu-migrations            #    0.020 K/sec                    ( +-  2.92% )
                76      page-faults               #    0.205 K/sec                    ( +-  0.57% )
   <not supported>      cycles                   
   <not supported>      stalled-cycles-frontend  
   <not supported>      stalled-cycles-backend   
   <not supported>      instructions             
   <not supported>      branches                 
   <not supported>      branch-misses            

       0.057169552 seconds time elapsed                                          ( +-  1.53% )


 Performance counter stats for './mandelbrot_pth -0.8 -0.7 0.05 0.15 1024' (10 runs):

       1814.489643      task-clock (msec)         #    6.873 CPUs utilized            ( +-  0.06% )
                27      context-switches          #    0.015 K/sec                    ( +-  6.32% )
                 7      cpu-migrations            #    0.004 K/sec                    ( +-  1.41% )
                77      page-faults               #    0.042 K/sec                    ( +-  0.48% )
   <not supported>      cycles                   
   <not supported>      stalled-cycles-frontend  
   <not supported>      stalled-cycles-backend   
   <not supported>      instructions             
   <not supported>      branches                 
   <not supported>      branch-misses            

       0.264018623 seconds time elapsed                                          ( +-  0.36% )


 Performance counter stats for './mandelbrot_pth -0.8 -0.7 0.05 0.15 2048' (10 runs):

       7271.778976      task-clock (msec)         #    6.842 CPUs utilized            ( +-  0.43% )
                40      context-switches          #    0.006 K/sec                    ( +-  4.03% )
                 8      cpu-migrations            #    0.001 K/sec                    ( +-  3.58% )
                76      page-faults               #    0.011 K/sec                    ( +-  0.29% )
   <not supported>      cycles                   
   <not supported>      stalled-cycles-frontend  
   <not supported>      stalled-cycles-backend   
   <not supported>      instructions             
   <not supported>      branches                 
   <not supported>      branch-misses            

       1.062742442 seconds time elapsed                                          ( +-  0.75% )


 Performance counter stats for './mandelbrot_pth -0.8 -0.7 0.05 0.15 4096' (10 runs):

      28573.803864      task-clock (msec)         #    6.872 CPUs utilized            ( +-  1.35% )
                83      context-switches          #    0.003 K/sec                    ( +-  2.01% )
                 7      cpu-migrations            #    0.000 K/sec                    ( +-  1.85% )
                76      page-faults               #    0.003 K/sec                    ( +-  0.44% )
   <not supported>      cycles                   
   <not supported>      stalled-cycles-frontend  
   <not supported>      stalled-cycles-backend   
   <not supported>      instructions             
   <not supported>      branches                 
   <not supported>      branch-misses            

       4.157763694 seconds time elapsed                                          ( +-  1.18% )


 Performance counter stats for './mandelbrot_pth -0.8 -0.7 0.05 0.15 8192' (10 runs):

     115333.957838      task-clock (msec)         #    6.834 CPUs utilized            ( +-  0.32% )
               272      context-switches          #    0.002 K/sec                    ( +-  2.04% )
                 8      cpu-migrations            #    0.000 K/sec                    ( +-  3.51% )
                77      page-faults               #    0.001 K/sec                    ( +-  0.49% )
   <not supported>      cycles                   
   <not supported>      stalled-cycles-frontend  
   <not supported>      stalled-cycles-backend   
   <not supported>      instructions             
   <not supported>      branches                 
   <not supported>      branch-misses            

      16.876527407 seconds time elapsed                                          ( +-  0.35% )

