
 Performance counter stats for './mandelbrot_seq 0.175 0.375 -0.1 0.1 16' (10 runs):

          0.548313      task-clock (msec)         #    0.661 CPUs utilized            ( +-  0.84% )
                 0      context-switches          #    0.000 K/sec                  
                 0      cpu-migrations            #    0.000 K/sec                  
                47      page-faults               #    0.086 M/sec                    ( +-  0.42% )
   <not supported>      cycles                   
   <not supported>      stalled-cycles-frontend  
   <not supported>      stalled-cycles-backend   
   <not supported>      instructions             
   <not supported>      branches                 
   <not supported>      branch-misses            

       0.000828969 seconds time elapsed                                          ( +-  1.02% )


 Performance counter stats for './mandelbrot_seq 0.175 0.375 -0.1 0.1 32' (10 runs):

          1.488926      task-clock (msec)         #    0.860 CPUs utilized            ( +-  0.38% )
                 0      context-switches          #    0.000 K/sec                  
                 0      cpu-migrations            #    0.000 K/sec                  
                47      page-faults               #    0.032 M/sec                    ( +-  0.56% )
   <not supported>      cycles                   
   <not supported>      stalled-cycles-frontend  
   <not supported>      stalled-cycles-backend   
   <not supported>      instructions             
   <not supported>      branches                 
   <not supported>      branch-misses            

       0.001730687 seconds time elapsed                                          ( +-  0.59% )


 Performance counter stats for './mandelbrot_seq 0.175 0.375 -0.1 0.1 64' (10 runs):

          5.208092      task-clock (msec)         #    0.956 CPUs utilized            ( +-  0.14% )
                 0      context-switches          #    0.000 K/sec                  
                 0      cpu-migrations            #    0.000 K/sec                  
                47      page-faults               #    0.009 M/sec                    ( +-  0.42% )
   <not supported>      cycles                   
   <not supported>      stalled-cycles-frontend  
   <not supported>      stalled-cycles-backend   
   <not supported>      instructions             
   <not supported>      branches                 
   <not supported>      branch-misses            

       0.005445275 seconds time elapsed                                          ( +-  0.19% )


 Performance counter stats for './mandelbrot_seq 0.175 0.375 -0.1 0.1 128' (10 runs):

         20.141594      task-clock (msec)         #    0.985 CPUs utilized            ( +-  0.04% )
                 0      context-switches          #    0.000 K/sec                  
                 0      cpu-migrations            #    0.000 K/sec                  
                47      page-faults               #    0.002 M/sec                    ( +-  0.67% )
   <not supported>      cycles                   
   <not supported>      stalled-cycles-frontend  
   <not supported>      stalled-cycles-backend   
   <not supported>      instructions             
   <not supported>      branches                 
   <not supported>      branch-misses            

       0.020440713 seconds time elapsed                                          ( +-  0.06% )


 Performance counter stats for './mandelbrot_seq 0.175 0.375 -0.1 0.1 256' (10 runs):

         79.544624      task-clock (msec)         #    0.996 CPUs utilized            ( +-  0.09% )
                 0      context-switches          #    0.001 K/sec                    ( +-100.00% )
                 0      cpu-migrations            #    0.000 K/sec                  
                47      page-faults               #    0.588 K/sec                    ( +-  0.53% )
   <not supported>      cycles                   
   <not supported>      stalled-cycles-frontend  
   <not supported>      stalled-cycles-backend   
   <not supported>      instructions             
   <not supported>      branches                 
   <not supported>      branch-misses            

       0.079885698 seconds time elapsed                                          ( +-  0.08% )


 Performance counter stats for './mandelbrot_seq 0.175 0.375 -0.1 0.1 512' (10 runs):

        315.268082      task-clock (msec)         #    0.999 CPUs utilized            ( +-  0.05% )
                 0      context-switches          #    0.001 K/sec                    ( +- 55.28% )
                 0      cpu-migrations            #    0.000 K/sec                  
                47      page-faults               #    0.150 K/sec                    ( +-  0.69% )
   <not supported>      cycles                   
   <not supported>      stalled-cycles-frontend  
   <not supported>      stalled-cycles-backend   
   <not supported>      instructions             
   <not supported>      branches                 
   <not supported>      branch-misses            

       0.315624210 seconds time elapsed                                          ( +-  0.05% )


 Performance counter stats for './mandelbrot_seq 0.175 0.375 -0.1 0.1 1024' (10 runs):

       1263.631933      task-clock (msec)         #    1.000 CPUs utilized            ( +-  0.31% )
                 2      context-switches          #    0.002 K/sec                    ( +- 13.19% )
                 0      cpu-migrations            #    0.000 K/sec                  
                48      page-faults               #    0.038 K/sec                    ( +-  0.46% )
   <not supported>      cycles                   
   <not supported>      stalled-cycles-frontend  
   <not supported>      stalled-cycles-backend   
   <not supported>      instructions             
   <not supported>      branches                 
   <not supported>      branch-misses            

       1.264212856 seconds time elapsed                                          ( +-  0.31% )


 Performance counter stats for './mandelbrot_seq 0.175 0.375 -0.1 0.1 2048' (10 runs):

       5043.144417      task-clock (msec)         #    1.000 CPUs utilized            ( +-  0.18% )
                 9      context-switches          #    0.002 K/sec                    ( +-  3.11% )
                 0      cpu-migrations            #    0.000 K/sec                  
                47      page-faults               #    0.009 K/sec                    ( +-  0.56% )
   <not supported>      cycles                   
   <not supported>      stalled-cycles-frontend  
   <not supported>      stalled-cycles-backend   
   <not supported>      instructions             
   <not supported>      branches                 
   <not supported>      branch-misses            

       5.044261568 seconds time elapsed                                          ( +-  0.18% )


 Performance counter stats for './mandelbrot_seq 0.175 0.375 -0.1 0.1 4096' (10 runs):

      20141.804892      task-clock (msec)         #    1.000 CPUs utilized            ( +-  0.11% )
                36      context-switches          #    0.002 K/sec                    ( +-  0.87% )
                 0      cpu-migrations            #    0.000 K/sec                  
                47      page-faults               #    0.002 K/sec                    ( +-  0.76% )
   <not supported>      cycles                   
   <not supported>      stalled-cycles-frontend  
   <not supported>      stalled-cycles-backend   
   <not supported>      instructions             
   <not supported>      branches                 
   <not supported>      branch-misses            

      20.142546251 seconds time elapsed                                          ( +-  0.11% )


 Performance counter stats for './mandelbrot_seq 0.175 0.375 -0.1 0.1 8192' (10 runs):

      80565.597629      task-clock (msec)         #    1.000 CPUs utilized            ( +-  0.04% )
               142      context-switches          #    0.002 K/sec                    ( +-  0.27% )
                 0      cpu-migrations            #    0.000 K/sec                    ( +-100.00% )
                47      page-faults               #    0.001 K/sec                    ( +-  0.55% )
   <not supported>      cycles                   
   <not supported>      stalled-cycles-frontend  
   <not supported>      stalled-cycles-backend   
   <not supported>      instructions             
   <not supported>      branches                 
   <not supported>      branch-misses            

      80.567885132 seconds time elapsed                                          ( +-  0.04% )

