
 Performance counter stats for './mandelbrot_seq -2.5 1.5 -2.0 2.0 16' (10 runs):

          0.271114      task-clock (msec)         #    0.519 CPUs utilized            ( +-  3.79% )
                 0      context-switches          #    0.000 K/sec                  
                 0      cpu-migrations            #    0.000 K/sec                  
                47      page-faults               #    0.174 M/sec                    ( +-  0.38% )
   <not supported>      cycles                   
   <not supported>      stalled-cycles-frontend  
   <not supported>      stalled-cycles-backend   
   <not supported>      instructions             
   <not supported>      branches                 
   <not supported>      branch-misses            

       0.000522615 seconds time elapsed                                          ( +-  3.41% )


 Performance counter stats for './mandelbrot_seq -2.5 1.5 -2.0 2.0 32' (10 runs):

          0.415707      task-clock (msec)         #    0.588 CPUs utilized            ( +-  0.86% )
                 0      context-switches          #    0.000 K/sec                  
                 0      cpu-migrations            #    0.000 K/sec                  
                47      page-faults               #    0.114 M/sec                    ( +-  0.62% )
   <not supported>      cycles                   
   <not supported>      stalled-cycles-frontend  
   <not supported>      stalled-cycles-backend   
   <not supported>      instructions             
   <not supported>      branches                 
   <not supported>      branch-misses            

       0.000707057 seconds time elapsed                                          ( +-  1.62% )


 Performance counter stats for './mandelbrot_seq -2.5 1.5 -2.0 2.0 64' (10 runs):

          0.966465      task-clock (msec)         #    0.802 CPUs utilized            ( +-  0.96% )
                 0      context-switches          #    0.000 K/sec                  
                 0      cpu-migrations            #    0.000 K/sec                  
                47      page-faults               #    0.049 M/sec                    ( +-  0.47% )
   <not supported>      cycles                   
   <not supported>      stalled-cycles-frontend  
   <not supported>      stalled-cycles-backend   
   <not supported>      instructions             
   <not supported>      branches                 
   <not supported>      branch-misses            

       0.001205509 seconds time elapsed                                          ( +-  1.14% )


 Performance counter stats for './mandelbrot_seq -2.5 1.5 -2.0 2.0 128' (10 runs):

          3.095297      task-clock (msec)         #    0.927 CPUs utilized            ( +-  0.23% )
                 0      context-switches          #    0.000 K/sec                  
                 0      cpu-migrations            #    0.000 K/sec                  
                47      page-faults               #    0.015 M/sec                    ( +-  0.45% )
   <not supported>      cycles                   
   <not supported>      stalled-cycles-frontend  
   <not supported>      stalled-cycles-backend   
   <not supported>      instructions             
   <not supported>      branches                 
   <not supported>      branch-misses            

       0.003340191 seconds time elapsed                                          ( +-  0.39% )


 Performance counter stats for './mandelbrot_seq -2.5 1.5 -2.0 2.0 256' (10 runs):

         11.699957      task-clock (msec)         #    0.977 CPUs utilized            ( +-  0.13% )
                 0      context-switches          #    0.000 K/sec                  
                 0      cpu-migrations            #    0.000 K/sec                  
                47      page-faults               #    0.004 M/sec                    ( +-  0.34% )
   <not supported>      cycles                   
   <not supported>      stalled-cycles-frontend  
   <not supported>      stalled-cycles-backend   
   <not supported>      instructions             
   <not supported>      branches                 
   <not supported>      branch-misses            

       0.011976808 seconds time elapsed                                          ( +-  0.16% )


 Performance counter stats for './mandelbrot_seq -2.5 1.5 -2.0 2.0 512' (10 runs):

         45.689484      task-clock (msec)         #    0.993 CPUs utilized            ( +-  0.12% )
                 0      context-switches          #    0.000 K/sec                  
                 0      cpu-migrations            #    0.002 K/sec                    ( +-100.00% )
                48      page-faults               #    0.001 M/sec                    ( +-  0.35% )
   <not supported>      cycles                   
   <not supported>      stalled-cycles-frontend  
   <not supported>      stalled-cycles-backend   
   <not supported>      instructions             
   <not supported>      branches                 
   <not supported>      branch-misses            

       0.046012920 seconds time elapsed                                          ( +-  0.13% )


 Performance counter stats for './mandelbrot_seq -2.5 1.5 -2.0 2.0 1024' (10 runs):

        181.030231      task-clock (msec)         #    0.998 CPUs utilized            ( +-  0.12% )
                 0      context-switches          #    0.002 K/sec                    ( +- 71.15% )
                 0      cpu-migrations            #    0.000 K/sec                  
                48      page-faults               #    0.263 K/sec                    ( +-  0.34% )
   <not supported>      cycles                   
   <not supported>      stalled-cycles-frontend  
   <not supported>      stalled-cycles-backend   
   <not supported>      instructions             
   <not supported>      branches                 
   <not supported>      branch-misses            

       0.181370767 seconds time elapsed                                          ( +-  0.13% )


 Performance counter stats for './mandelbrot_seq -2.5 1.5 -2.0 2.0 2048' (10 runs):

        721.238068      task-clock (msec)         #    0.999 CPUs utilized            ( +-  0.08% )
                 1      context-switches          #    0.002 K/sec                    ( +- 27.22% )
                 0      cpu-migrations            #    0.000 K/sec                  
                47      page-faults               #    0.065 K/sec                    ( +-  0.67% )
   <not supported>      cycles                   
   <not supported>      stalled-cycles-frontend  
   <not supported>      stalled-cycles-backend   
   <not supported>      instructions             
   <not supported>      branches                 
   <not supported>      branch-misses            

       0.721708696 seconds time elapsed                                          ( +-  0.08% )


 Performance counter stats for './mandelbrot_seq -2.5 1.5 -2.0 2.0 4096' (10 runs):

       2895.647811      task-clock (msec)         #    1.000 CPUs utilized            ( +-  0.38% )
                 5      context-switches          #    0.002 K/sec                    ( +-  4.22% )
                 0      cpu-migrations            #    0.000 K/sec                  
                47      page-faults               #    0.016 K/sec                    ( +-  0.38% )
   <not supported>      cycles                   
   <not supported>      stalled-cycles-frontend  
   <not supported>      stalled-cycles-backend   
   <not supported>      instructions             
   <not supported>      branches                 
   <not supported>      branch-misses            

       2.896251346 seconds time elapsed                                          ( +-  0.38% )


 Performance counter stats for './mandelbrot_seq -2.5 1.5 -2.0 2.0 8192' (10 runs):

      11512.422615      task-clock (msec)         #    1.000 CPUs utilized            ( +-  0.02% )
                20      context-switches          #    0.002 K/sec                    ( +-  1.65% )
                 0      cpu-migrations            #    0.000 K/sec                  
                47      page-faults               #    0.004 K/sec                    ( +-  0.34% )
   <not supported>      cycles                   
   <not supported>      stalled-cycles-frontend  
   <not supported>      stalled-cycles-backend   
   <not supported>      instructions             
   <not supported>      branches                 
   <not supported>      branch-misses            

      11.512569715 seconds time elapsed                                          ( +-  0.02% )

