
 Performance counter stats for './mandelbrot_seq -0.8 -0.7 0.05 0.15 16' (10 runs):

          0.546642      task-clock (msec)         #    0.646 CPUs utilized            ( +-  0.64% )
                 0      context-switches          #    0.000 K/sec                  
                 0      cpu-migrations            #    0.000 K/sec                  
                47      page-faults               #    0.086 M/sec                    ( +-  0.42% )
   <not supported>      cycles                   
   <not supported>      stalled-cycles-frontend  
   <not supported>      stalled-cycles-backend   
   <not supported>      instructions             
   <not supported>      branches                 
   <not supported>      branch-misses            

       0.000846648 seconds time elapsed                                          ( +-  1.15% )


 Performance counter stats for './mandelbrot_seq -0.8 -0.7 0.05 0.15 32' (10 runs):

          1.546537      task-clock (msec)         #    0.860 CPUs utilized            ( +-  0.35% )
                 0      context-switches          #    0.065 K/sec                    ( +-100.00% )
                 0      cpu-migrations            #    0.000 K/sec                  
                47      page-faults               #    0.030 M/sec                    ( +-  0.55% )
   <not supported>      cycles                   
   <not supported>      stalled-cycles-frontend  
   <not supported>      stalled-cycles-backend   
   <not supported>      instructions             
   <not supported>      branches                 
   <not supported>      branch-misses            

       0.001797932 seconds time elapsed                                          ( +-  0.67% )


 Performance counter stats for './mandelbrot_seq -0.8 -0.7 0.05 0.15 64' (10 runs):

          5.457888      task-clock (msec)         #    0.958 CPUs utilized            ( +-  0.17% )
                 0      context-switches          #    0.000 K/sec                  
                 0      cpu-migrations            #    0.000 K/sec                  
                47      page-faults               #    0.009 M/sec                    ( +-  0.50% )
   <not supported>      cycles                   
   <not supported>      stalled-cycles-frontend  
   <not supported>      stalled-cycles-backend   
   <not supported>      instructions             
   <not supported>      branches                 
   <not supported>      branch-misses            

       0.005698106 seconds time elapsed                                          ( +-  0.20% )


 Performance counter stats for './mandelbrot_seq -0.8 -0.7 0.05 0.15 128' (10 runs):

         21.261918      task-clock (msec)         #    0.986 CPUs utilized            ( +-  0.12% )
                 0      context-switches          #    0.005 K/sec                    ( +-100.00% )
                 0      cpu-migrations            #    0.000 K/sec                  
                48      page-faults               #    0.002 M/sec                    ( +-  0.56% )
   <not supported>      cycles                   
   <not supported>      stalled-cycles-frontend  
   <not supported>      stalled-cycles-backend   
   <not supported>      instructions             
   <not supported>      branches                 
   <not supported>      branch-misses            

       0.021556756 seconds time elapsed                                          ( +-  0.15% )


 Performance counter stats for './mandelbrot_seq -0.8 -0.7 0.05 0.15 256' (10 runs):

         83.937805      task-clock (msec)         #    0.996 CPUs utilized            ( +-  0.05% )
                 0      context-switches          #    0.001 K/sec                    ( +-100.00% )
                 0      cpu-migrations            #    0.001 K/sec                    ( +-100.00% )
                47      page-faults               #    0.564 K/sec                    ( +-  0.55% )
   <not supported>      cycles                   
   <not supported>      stalled-cycles-frontend  
   <not supported>      stalled-cycles-backend   
   <not supported>      instructions             
   <not supported>      branches                 
   <not supported>      branch-misses            

       0.084291041 seconds time elapsed                                          ( +-  0.06% )


 Performance counter stats for './mandelbrot_seq -0.8 -0.7 0.05 0.15 512' (10 runs):

        334.704983      task-clock (msec)         #    0.999 CPUs utilized            ( +-  0.09% )
                 1      context-switches          #    0.002 K/sec                    ( +- 37.19% )
                 0      cpu-migrations            #    0.000 K/sec                  
                48      page-faults               #    0.142 K/sec                    ( +-  0.35% )
   <not supported>      cycles                   
   <not supported>      stalled-cycles-frontend  
   <not supported>      stalled-cycles-backend   
   <not supported>      instructions             
   <not supported>      branches                 
   <not supported>      branch-misses            

       0.335083699 seconds time elapsed                                          ( +-  0.09% )


 Performance counter stats for './mandelbrot_seq -0.8 -0.7 0.05 0.15 1024' (10 runs):

       1335.209330      task-clock (msec)         #    1.000 CPUs utilized            ( +-  0.06% )
                 2      context-switches          #    0.002 K/sec                    ( +-  6.80% )
                 0      cpu-migrations            #    0.000 K/sec                  
                47      page-faults               #    0.035 K/sec                    ( +-  0.64% )
   <not supported>      cycles                   
   <not supported>      stalled-cycles-frontend  
   <not supported>      stalled-cycles-backend   
   <not supported>      instructions             
   <not supported>      branches                 
   <not supported>      branch-misses            

       1.335688790 seconds time elapsed                                          ( +-  0.06% )


 Performance counter stats for './mandelbrot_seq -0.8 -0.7 0.05 0.15 2048' (10 runs):

       5339.026030      task-clock (msec)         #    1.000 CPUs utilized            ( +-  0.01% )
                 9      context-switches          #    0.002 K/sec                    ( +-  4.26% )
                 0      cpu-migrations            #    0.000 K/sec                  
                47      page-faults               #    0.009 K/sec                    ( +-  0.45% )
   <not supported>      cycles                   
   <not supported>      stalled-cycles-frontend  
   <not supported>      stalled-cycles-backend   
   <not supported>      instructions             
   <not supported>      branches                 
   <not supported>      branch-misses            

       5.340266308 seconds time elapsed                                          ( +-  0.01% )


 Performance counter stats for './mandelbrot_seq -0.8 -0.7 0.05 0.15 4096' (10 runs):

      21350.382171      task-clock (msec)         #    1.000 CPUs utilized            ( +-  0.03% )
                38      context-switches          #    0.002 K/sec                    ( +-  0.59% )
                 0      cpu-migrations            #    0.000 K/sec                  
                47      page-faults               #    0.002 K/sec                    ( +-  0.50% )
   <not supported>      cycles                   
   <not supported>      stalled-cycles-frontend  
   <not supported>      stalled-cycles-backend   
   <not supported>      instructions             
   <not supported>      branches                 
   <not supported>      branch-misses            

      21.352286005 seconds time elapsed                                          ( +-  0.03% )


 Performance counter stats for './mandelbrot_seq -0.8 -0.7 0.05 0.15 8192' (10 runs):

      85425.954469      task-clock (msec)         #    1.000 CPUs utilized            ( +-  0.04% )
               150      context-switches          #    0.002 K/sec                    ( +-  0.12% )
                 0      cpu-migrations            #    0.000 K/sec                  
                47      page-faults               #    0.001 K/sec                    ( +-  0.53% )
   <not supported>      cycles                   
   <not supported>      stalled-cycles-frontend  
   <not supported>      stalled-cycles-backend   
   <not supported>      instructions             
   <not supported>      branches                 
   <not supported>      branch-misses            

      85.428445966 seconds time elapsed                                          ( +-  0.04% )

