
 Performance counter stats for './mandelbrot_seq -0.188 -0.012 0.554 0.754 16' (10 runs):

          0.609108      task-clock (msec)         #    0.693 CPUs utilized            ( +-  0.56% )
                 0      context-switches          #    0.000 K/sec                  
                 0      cpu-migrations            #    0.164 K/sec                    ( +-100.00% )
                47      page-faults               #    0.077 M/sec                    ( +-  0.43% )
   <not supported>      cycles                   
   <not supported>      stalled-cycles-frontend  
   <not supported>      stalled-cycles-backend   
   <not supported>      instructions             
   <not supported>      branches                 
   <not supported>      branch-misses            

       0.000878355 seconds time elapsed                                          ( +-  0.68% )


 Performance counter stats for './mandelbrot_seq -0.188 -0.012 0.554 0.754 32' (10 runs):

          1.731127      task-clock (msec)         #    0.877 CPUs utilized            ( +-  0.51% )
                 0      context-switches          #    0.000 K/sec                  
                 0      cpu-migrations            #    0.000 K/sec                  
                47      page-faults               #    0.027 M/sec                    ( +-  0.50% )
   <not supported>      cycles                   
   <not supported>      stalled-cycles-frontend  
   <not supported>      stalled-cycles-backend   
   <not supported>      instructions             
   <not supported>      branches                 
   <not supported>      branch-misses            

       0.001974630 seconds time elapsed                                          ( +-  0.77% )


 Performance counter stats for './mandelbrot_seq -0.188 -0.012 0.554 0.754 64' (10 runs):

          6.216215      task-clock (msec)         #    0.962 CPUs utilized            ( +-  0.14% )
                 0      context-switches          #    0.000 K/sec                  
                 0      cpu-migrations            #    0.000 K/sec                  
                48      page-faults               #    0.008 M/sec                    ( +-  0.56% )
   <not supported>      cycles                   
   <not supported>      stalled-cycles-frontend  
   <not supported>      stalled-cycles-backend   
   <not supported>      instructions             
   <not supported>      branches                 
   <not supported>      branch-misses            

       0.006459315 seconds time elapsed                                          ( +-  0.19% )


 Performance counter stats for './mandelbrot_seq -0.188 -0.012 0.554 0.754 128' (10 runs):

         24.232253      task-clock (msec)         #    0.988 CPUs utilized            ( +-  0.11% )
                 0      context-switches          #    0.000 K/sec                  
                 0      cpu-migrations            #    0.000 K/sec                  
                48      page-faults               #    0.002 M/sec                    ( +-  0.45% )
   <not supported>      cycles                   
   <not supported>      stalled-cycles-frontend  
   <not supported>      stalled-cycles-backend   
   <not supported>      instructions             
   <not supported>      branches                 
   <not supported>      branch-misses            

       0.024534558 seconds time elapsed                                          ( +-  0.13% )


 Performance counter stats for './mandelbrot_seq -0.188 -0.012 0.554 0.754 256' (10 runs):

         95.658481      task-clock (msec)         #    0.996 CPUs utilized            ( +-  0.05% )
                 0      context-switches          #    0.003 K/sec                    ( +- 71.15% )
                 0      cpu-migrations            #    0.000 K/sec                  
                46      page-faults               #    0.485 K/sec                    ( +-  0.48% )
   <not supported>      cycles                   
   <not supported>      stalled-cycles-frontend  
   <not supported>      stalled-cycles-backend   
   <not supported>      instructions             
   <not supported>      branches                 
   <not supported>      branch-misses            

       0.096012499 seconds time elapsed                                          ( +-  0.05% )


 Performance counter stats for './mandelbrot_seq -0.188 -0.012 0.554 0.754 512' (10 runs):

        381.205172      task-clock (msec)         #    0.999 CPUs utilized            ( +-  0.08% )
                 1      context-switches          #    0.002 K/sec                    ( +- 37.19% )
                 0      cpu-migrations            #    0.000 K/sec                  
                47      page-faults               #    0.123 K/sec                    ( +-  0.55% )
   <not supported>      cycles                   
   <not supported>      stalled-cycles-frontend  
   <not supported>      stalled-cycles-backend   
   <not supported>      instructions             
   <not supported>      branches                 
   <not supported>      branch-misses            

       0.381568825 seconds time elapsed                                          ( +-  0.08% )


 Performance counter stats for './mandelbrot_seq -0.188 -0.012 0.554 0.754 1024' (10 runs):

       1521.563249      task-clock (msec)         #    1.000 CPUs utilized            ( +-  0.05% )
                 3      context-switches          #    0.002 K/sec                    ( +-  8.05% )
                 0      cpu-migrations            #    0.000 K/sec                  
                48      page-faults               #    0.031 K/sec                    ( +-  0.46% )
   <not supported>      cycles                   
   <not supported>      stalled-cycles-frontend  
   <not supported>      stalled-cycles-backend   
   <not supported>      instructions             
   <not supported>      branches                 
   <not supported>      branch-misses            

       1.522197403 seconds time elapsed                                          ( +-  0.05% )


 Performance counter stats for './mandelbrot_seq -0.188 -0.012 0.554 0.754 2048' (10 runs):

       6080.661758      task-clock (msec)         #    1.000 CPUs utilized            ( +-  0.02% )
                11      context-switches          #    0.002 K/sec                    ( +-  3.02% )
                 0      cpu-migrations            #    0.000 K/sec                  
                47      page-faults               #    0.008 K/sec                    ( +-  0.59% )
   <not supported>      cycles                   
   <not supported>      stalled-cycles-frontend  
   <not supported>      stalled-cycles-backend   
   <not supported>      instructions             
   <not supported>      branches                 
   <not supported>      branch-misses            

       6.082120414 seconds time elapsed                                          ( +-  0.02% )


 Performance counter stats for './mandelbrot_seq -0.188 -0.012 0.554 0.754 4096' (10 runs):

      24327.595150      task-clock (msec)         #    1.000 CPUs utilized            ( +-  0.05% )
                43      context-switches          #    0.002 K/sec                    ( +-  0.50% )
                 0      cpu-migrations            #    0.000 K/sec                  
                47      page-faults               #    0.002 K/sec                    ( +-  0.38% )
   <not supported>      cycles                   
   <not supported>      stalled-cycles-frontend  
   <not supported>      stalled-cycles-backend   
   <not supported>      instructions             
   <not supported>      branches                 
   <not supported>      branch-misses            

      24.327146013 seconds time elapsed                                          ( +-  0.05% )


 Performance counter stats for './mandelbrot_seq -0.188 -0.012 0.554 0.754 8192' (10 runs):

      97425.560605      task-clock (msec)         #    1.000 CPUs utilized            ( +-  0.05% )
               171      context-switches          #    0.002 K/sec                    ( +-  0.23% )
                 0      cpu-migrations            #    0.000 K/sec                  
                47      page-faults               #    0.000 K/sec                    ( +-  0.53% )
   <not supported>      cycles                   
   <not supported>      stalled-cycles-frontend  
   <not supported>      stalled-cycles-backend   
   <not supported>      instructions             
   <not supported>      branches                 
   <not supported>      branch-misses            

      97.428475693 seconds time elapsed                                          ( +-  0.05% )

