
 Performance counter stats for './mandelbrot_omp -2.5 1.5 -2.0 2.0 16' (10 runs):

          1.404571      task-clock (msec)         #    1.631 CPUs utilized            ( +-  5.31% )
                 0      context-switches          #    0.000 K/sec                  
                 7      cpu-migrations            #    0.005 M/sec                  
                77      page-faults               #    0.055 M/sec                    ( +-  0.49% )
   <not supported>      cycles                   
   <not supported>      stalled-cycles-frontend  
   <not supported>      stalled-cycles-backend   
   <not supported>      instructions             
   <not supported>      branches                 
   <not supported>      branch-misses            

       0.000861427 seconds time elapsed                                          ( +-  3.57% )


 Performance counter stats for './mandelbrot_omp -2.5 1.5 -2.0 2.0 32' (10 runs):

          1.492473      task-clock (msec)         #    1.761 CPUs utilized            ( +-  3.54% )
                 0      context-switches          #    0.000 K/sec                  
                 7      cpu-migrations            #    0.005 M/sec                  
                77      page-faults               #    0.052 M/sec                    ( +-  0.26% )
   <not supported>      cycles                   
   <not supported>      stalled-cycles-frontend  
   <not supported>      stalled-cycles-backend   
   <not supported>      instructions             
   <not supported>      branches                 
   <not supported>      branch-misses            

       0.000847642 seconds time elapsed                                          ( +-  2.07% )


 Performance counter stats for './mandelbrot_omp -2.5 1.5 -2.0 2.0 64' (10 runs):

          2.146991      task-clock (msec)         #    2.278 CPUs utilized            ( +-  3.64% )
                 0      context-switches          #    0.047 K/sec                    ( +-100.00% )
                 7      cpu-migrations            #    0.003 M/sec                  
                78      page-faults               #    0.036 M/sec                    ( +-  0.29% )
   <not supported>      cycles                   
   <not supported>      stalled-cycles-frontend  
   <not supported>      stalled-cycles-backend   
   <not supported>      instructions             
   <not supported>      branches                 
   <not supported>      branch-misses            

       0.000942626 seconds time elapsed                                          ( +-  2.64% )


 Performance counter stats for './mandelbrot_omp -2.5 1.5 -2.0 2.0 128' (10 runs):

          4.148753      task-clock (msec)         #    3.593 CPUs utilized            ( +-  1.42% )
                 0      context-switches          #    0.024 K/sec                    ( +-100.00% )
                 7      cpu-migrations            #    0.002 M/sec                  
                77      page-faults               #    0.019 M/sec                    ( +-  0.38% )
   <not supported>      cycles                   
   <not supported>      stalled-cycles-frontend  
   <not supported>      stalled-cycles-backend   
   <not supported>      instructions             
   <not supported>      branches                 
   <not supported>      branch-misses            

       0.001154545 seconds time elapsed                                          ( +-  1.76% )


 Performance counter stats for './mandelbrot_omp -2.5 1.5 -2.0 2.0 256' (10 runs):

         13.610610      task-clock (msec)         #    5.732 CPUs utilized            ( +-  1.23% )
                 0      context-switches          #    0.037 K/sec                    ( +- 33.33% )
                 7      cpu-migrations            #    0.514 K/sec                  
                77      page-faults               #    0.006 M/sec                    ( +-  0.48% )
   <not supported>      cycles                   
   <not supported>      stalled-cycles-frontend  
   <not supported>      stalled-cycles-backend   
   <not supported>      instructions             
   <not supported>      branches                 
   <not supported>      branch-misses            

       0.002374363 seconds time elapsed                                          ( +-  1.31% )


 Performance counter stats for './mandelbrot_omp -2.5 1.5 -2.0 2.0 512' (10 runs):

         49.958263      task-clock (msec)         #    7.024 CPUs utilized            ( +-  1.17% )
                 1      context-switches          #    0.026 K/sec                    ( +- 11.75% )
                 7      cpu-migrations            #    0.140 K/sec                  
                77      page-faults               #    0.002 M/sec                    ( +-  0.36% )
   <not supported>      cycles                   
   <not supported>      stalled-cycles-frontend  
   <not supported>      stalled-cycles-backend   
   <not supported>      instructions             
   <not supported>      branches                 
   <not supported>      branch-misses            

       0.007112556 seconds time elapsed                                          ( +-  1.00% )


 Performance counter stats for './mandelbrot_omp -2.5 1.5 -2.0 2.0 1024' (10 runs):

        248.508724      task-clock (msec)         #    7.837 CPUs utilized            ( +-  0.29% )
                 9      context-switches          #    0.035 K/sec                    ( +-  5.03% )
                 7      cpu-migrations            #    0.029 K/sec                    ( +-  1.41% )
                78      page-faults               #    0.314 K/sec                    ( +-  0.47% )
   <not supported>      cycles                   
   <not supported>      stalled-cycles-frontend  
   <not supported>      stalled-cycles-backend   
   <not supported>      instructions             
   <not supported>      branches                 
   <not supported>      branch-misses            

       0.031708752 seconds time elapsed                                          ( +-  0.29% )


 Performance counter stats for './mandelbrot_omp -2.5 1.5 -2.0 2.0 2048' (10 runs):

       1000.980894      task-clock (msec)         #    7.959 CPUs utilized            ( +-  0.40% )
                26      context-switches          #    0.026 K/sec                    ( +-  6.65% )
                 7      cpu-migrations            #    0.007 K/sec                  
                78      page-faults               #    0.077 K/sec                    ( +-  0.22% )
   <not supported>      cycles                   
   <not supported>      stalled-cycles-frontend  
   <not supported>      stalled-cycles-backend   
   <not supported>      instructions             
   <not supported>      branches                 
   <not supported>      branch-misses            

       0.125772360 seconds time elapsed                                          ( +-  0.40% )


 Performance counter stats for './mandelbrot_omp -2.5 1.5 -2.0 2.0 4096' (10 runs):

       4010.378704      task-clock (msec)         #    7.987 CPUs utilized            ( +-  0.52% )
                31      context-switches          #    0.008 K/sec                    ( +-  7.57% )
                 7      cpu-migrations            #    0.002 K/sec                  
                77      page-faults               #    0.019 K/sec                    ( +-  0.52% )
   <not supported>      cycles                   
   <not supported>      stalled-cycles-frontend  
   <not supported>      stalled-cycles-backend   
   <not supported>      instructions             
   <not supported>      branches                 
   <not supported>      branch-misses            

       0.502096238 seconds time elapsed                                          ( +-  0.52% )


 Performance counter stats for './mandelbrot_omp -2.5 1.5 -2.0 2.0 8192' (10 runs):

      16230.689616      task-clock (msec)         #    7.996 CPUs utilized            ( +-  0.19% )
                60      context-switches          #    0.004 K/sec                    ( +-  4.75% )
                 7      cpu-migrations            #    0.000 K/sec                    ( +-  1.41% )
                78      page-faults               #    0.005 K/sec                    ( +-  0.90% )
   <not supported>      cycles                   
   <not supported>      stalled-cycles-frontend  
   <not supported>      stalled-cycles-backend   
   <not supported>      instructions             
   <not supported>      branches                 
   <not supported>      branch-misses            

       2.029800612 seconds time elapsed                                          ( +-  0.19% )

