
 Performance counter stats for './mandelbrot_pth 0.175 0.375 -0.1 0.1 16' (10 runs):

          1.977022      task-clock (msec)         #    1.395 CPUs utilized            ( +-  1.82% )
                43      context-switches          #    0.022 M/sec                    ( +-  4.57% )
                35      cpu-migrations            #    0.018 M/sec                    ( +-  1.20% )
               126      page-faults               #    0.064 M/sec                    ( +-  0.13% )
   <not supported>      cycles                   
   <not supported>      stalled-cycles-frontend  
   <not supported>      stalled-cycles-backend   
   <not supported>      instructions             
   <not supported>      branches                 
   <not supported>      branch-misses            

       0.001417263 seconds time elapsed                                          ( +-  1.84% )


 Performance counter stats for './mandelbrot_pth 0.175 0.375 -0.1 0.1 32' (10 runs):

          3.288740      task-clock (msec)         #    2.029 CPUs utilized            ( +-  0.73% )
                56      context-switches          #    0.017 M/sec                    ( +-  2.88% )
                36      cpu-migrations            #    0.011 M/sec                    ( +-  2.35% )
               126      page-faults               #    0.038 M/sec                    ( +-  0.23% )
   <not supported>      cycles                   
   <not supported>      stalled-cycles-frontend  
   <not supported>      stalled-cycles-backend   
   <not supported>      instructions             
   <not supported>      branches                 
   <not supported>      branch-misses            

       0.001620617 seconds time elapsed                                          ( +-  1.17% )


 Performance counter stats for './mandelbrot_pth 0.175 0.375 -0.1 0.1 64' (10 runs):

          7.886444      task-clock (msec)         #    3.831 CPUs utilized            ( +-  0.56% )
               100      context-switches          #    0.013 M/sec                    ( +-  3.37% )
                39      cpu-migrations            #    0.005 M/sec                    ( +-  3.57% )
               126      page-faults               #    0.016 M/sec                    ( +-  0.41% )
   <not supported>      cycles                   
   <not supported>      stalled-cycles-frontend  
   <not supported>      stalled-cycles-backend   
   <not supported>      instructions             
   <not supported>      branches                 
   <not supported>      branch-misses            

       0.002058744 seconds time elapsed                                          ( +-  1.34% )


 Performance counter stats for './mandelbrot_pth 0.175 0.375 -0.1 0.1 128' (10 runs):

         23.736845      task-clock (msec)         #    5.604 CPUs utilized            ( +-  0.26% )
                27      context-switches          #    0.001 M/sec                    ( +-  7.93% )
                29      cpu-migrations            #    0.001 M/sec                    ( +-  0.35% )
               126      page-faults               #    0.005 M/sec                    ( +-  0.27% )
   <not supported>      cycles                   
   <not supported>      stalled-cycles-frontend  
   <not supported>      stalled-cycles-backend   
   <not supported>      instructions             
   <not supported>      branches                 
   <not supported>      branch-misses            

       0.004235412 seconds time elapsed                                          ( +-  0.90% )


 Performance counter stats for './mandelbrot_pth 0.175 0.375 -0.1 0.1 256' (10 runs):

         88.708785      task-clock (msec)         #    7.077 CPUs utilized            ( +-  0.12% )
                20      context-switches          #    0.223 K/sec                    ( +- 12.34% )
                30      cpu-migrations            #    0.336 K/sec                    ( +-  2.34% )
               126      page-faults               #    0.001 M/sec                    ( +-  0.29% )
   <not supported>      cycles                   
   <not supported>      stalled-cycles-frontend  
   <not supported>      stalled-cycles-backend   
   <not supported>      instructions             
   <not supported>      branches                 
   <not supported>      branch-misses            

       0.012534250 seconds time elapsed                                          ( +-  0.69% )


 Performance counter stats for './mandelbrot_pth 0.175 0.375 -0.1 0.1 512' (10 runs):

        362.559671      task-clock (msec)         #    7.551 CPUs utilized            ( +-  4.52% )
                45      context-switches          #    0.124 K/sec                    ( +-  6.26% )
                30      cpu-migrations            #    0.082 K/sec                    ( +-  3.22% )
               126      page-faults               #    0.348 K/sec                    ( +-  0.34% )
   <not supported>      cycles                   
   <not supported>      stalled-cycles-frontend  
   <not supported>      stalled-cycles-backend   
   <not supported>      instructions             
   <not supported>      branches                 
   <not supported>      branch-misses            

       0.048014617 seconds time elapsed                                          ( +-  5.40% )


 Performance counter stats for './mandelbrot_pth 0.175 0.375 -0.1 0.1 1024' (10 runs):

       1765.466794      task-clock (msec)         #    7.767 CPUs utilized            ( +-  0.09% )
               216      context-switches          #    0.122 K/sec                    ( +-  0.71% )
                32      cpu-migrations            #    0.018 K/sec                    ( +-  0.98% )
               127      page-faults               #    0.072 K/sec                    ( +-  0.13% )
   <not supported>      cycles                   
   <not supported>      stalled-cycles-frontend  
   <not supported>      stalled-cycles-backend   
   <not supported>      instructions             
   <not supported>      branches                 
   <not supported>      branch-misses            

       0.227304661 seconds time elapsed                                          ( +-  0.25% )


 Performance counter stats for './mandelbrot_pth 0.175 0.375 -0.1 0.1 2048' (10 runs):

       7047.902650      task-clock (msec)         #    7.861 CPUs utilized            ( +-  0.05% )
               842      context-switches          #    0.119 K/sec                    ( +-  0.26% )
                41      cpu-migrations            #    0.006 K/sec                    ( +-  1.74% )
               126      page-faults               #    0.018 K/sec                    ( +-  0.17% )
   <not supported>      cycles                   
   <not supported>      stalled-cycles-frontend  
   <not supported>      stalled-cycles-backend   
   <not supported>      instructions             
   <not supported>      branches                 
   <not supported>      branch-misses            

       0.896609197 seconds time elapsed                                          ( +-  0.13% )


 Performance counter stats for './mandelbrot_pth 0.175 0.375 -0.1 0.1 4096' (10 runs):

      28172.216673      task-clock (msec)         #    7.876 CPUs utilized            ( +-  0.05% )
             3,263      context-switches          #    0.116 K/sec                    ( +-  0.12% )
                80      cpu-migrations            #    0.003 K/sec                    ( +-  5.19% )
               125      page-faults               #    0.004 K/sec                    ( +-  0.29% )
   <not supported>      cycles                   
   <not supported>      stalled-cycles-frontend  
   <not supported>      stalled-cycles-backend   
   <not supported>      instructions             
   <not supported>      branches                 
   <not supported>      branch-misses            

       3.576922553 seconds time elapsed                                          ( +-  0.11% )


 Performance counter stats for './mandelbrot_pth 0.175 0.375 -0.1 0.1 8192' (10 runs):

     112696.792137      task-clock (msec)         #    7.907 CPUs utilized            ( +-  0.02% )
            12,713      context-switches          #    0.113 K/sec                    ( +-  0.08% )
               190      cpu-migrations            #    0.002 K/sec                    ( +-  4.34% )
               126      page-faults               #    0.001 K/sec                    ( +-  0.21% )
   <not supported>      cycles                   
   <not supported>      stalled-cycles-frontend  
   <not supported>      stalled-cycles-backend   
   <not supported>      instructions             
   <not supported>      branches                 
   <not supported>      branch-misses            

      14.252888280 seconds time elapsed                                          ( +-  0.06% )

