
 Performance counter stats for './mandelbrot_pth -2.5 1.5 -2.0 2.0 16' (10 runs):

          1.646024      task-clock (msec)         #    1.156 CPUs utilized            ( +-  1.69% )
                36      context-switches          #    0.022 M/sec                    ( +-  7.46% )
                35      cpu-migrations            #    0.021 M/sec                    ( +-  1.34% )
               126      page-faults               #    0.077 M/sec                    ( +-  0.29% )
   <not supported>      cycles                   
   <not supported>      stalled-cycles-frontend  
   <not supported>      stalled-cycles-backend   
   <not supported>      instructions             
   <not supported>      branches                 
   <not supported>      branch-misses            

       0.001423940 seconds time elapsed                                          ( +-  2.08% )


 Performance counter stats for './mandelbrot_pth -2.5 1.5 -2.0 2.0 32' (10 runs):

          1.939486      task-clock (msec)         #    1.262 CPUs utilized            ( +-  3.49% )
                39      context-switches          #    0.020 M/sec                    ( +-  7.48% )
                35      cpu-migrations            #    0.018 M/sec                    ( +-  1.87% )
               126      page-faults               #    0.065 M/sec                    ( +-  0.28% )
   <not supported>      cycles                   
   <not supported>      stalled-cycles-frontend  
   <not supported>      stalled-cycles-backend   
   <not supported>      instructions             
   <not supported>      branches                 
   <not supported>      branch-misses            

       0.001537306 seconds time elapsed                                          ( +-  3.17% )


 Performance counter stats for './mandelbrot_pth -2.5 1.5 -2.0 2.0 64' (10 runs):

          2.771422      task-clock (msec)         #    1.656 CPUs utilized            ( +-  1.07% )
                45      context-switches          #    0.016 M/sec                    ( +-  5.43% )
                35      cpu-migrations            #    0.013 M/sec                    ( +-  1.97% )
               126      page-faults               #    0.046 M/sec                    ( +-  0.22% )
   <not supported>      cycles                   
   <not supported>      stalled-cycles-frontend  
   <not supported>      stalled-cycles-backend   
   <not supported>      instructions             
   <not supported>      branches                 
   <not supported>      branch-misses            

       0.001673173 seconds time elapsed                                          ( +-  2.40% )


 Performance counter stats for './mandelbrot_pth -2.5 1.5 -2.0 2.0 128' (10 runs):

          5.298975      task-clock (msec)         #    2.608 CPUs utilized            ( +-  0.93% )
                66      context-switches          #    0.012 M/sec                    ( +-  3.93% )
                38      cpu-migrations            #    0.007 M/sec                    ( +-  2.24% )
               126      page-faults               #    0.024 M/sec                    ( +-  0.32% )
   <not supported>      cycles                   
   <not supported>      stalled-cycles-frontend  
   <not supported>      stalled-cycles-backend   
   <not supported>      instructions             
   <not supported>      branches                 
   <not supported>      branch-misses            

       0.002031913 seconds time elapsed                                          ( +-  1.81% )


 Performance counter stats for './mandelbrot_pth -2.5 1.5 -2.0 2.0 256' (10 runs):

         14.804937      task-clock (msec)         #    4.041 CPUs utilized            ( +-  0.34% )
                59      context-switches          #    0.004 M/sec                    ( +-  6.64% )
                37      cpu-migrations            #    0.003 M/sec                    ( +-  4.32% )
               126      page-faults               #    0.009 M/sec                    ( +-  0.17% )
   <not supported>      cycles                   
   <not supported>      stalled-cycles-frontend  
   <not supported>      stalled-cycles-backend   
   <not supported>      instructions             
   <not supported>      branches                 
   <not supported>      branch-misses            

       0.003663288 seconds time elapsed                                          ( +-  1.09% )


 Performance counter stats for './mandelbrot_pth -2.5 1.5 -2.0 2.0 512' (10 runs):

         52.119199      task-clock (msec)         #    5.306 CPUs utilized            ( +-  0.16% )
                42      context-switches          #    0.804 K/sec                    ( +-  8.88% )
                33      cpu-migrations            #    0.637 K/sec                    ( +-  2.72% )
               126      page-faults               #    0.002 M/sec                    ( +-  0.24% )
   <not supported>      cycles                   
   <not supported>      stalled-cycles-frontend  
   <not supported>      stalled-cycles-backend   
   <not supported>      instructions             
   <not supported>      branches                 
   <not supported>      branch-misses            

       0.009821873 seconds time elapsed                                          ( +-  2.84% )


 Performance counter stats for './mandelbrot_pth -2.5 1.5 -2.0 2.0 1024' (10 runs):

        259.977020      task-clock (msec)         #    7.026 CPUs utilized            ( +-  0.19% )
                39      context-switches          #    0.152 K/sec                    ( +-  2.24% )
                30      cpu-migrations            #    0.116 K/sec                    ( +-  1.75% )
               126      page-faults               #    0.484 K/sec                    ( +-  0.20% )
   <not supported>      cycles                   
   <not supported>      stalled-cycles-frontend  
   <not supported>      stalled-cycles-backend   
   <not supported>      instructions             
   <not supported>      branches                 
   <not supported>      branch-misses            

       0.037002377 seconds time elapsed                                          ( +-  2.73% )


 Performance counter stats for './mandelbrot_pth -2.5 1.5 -2.0 2.0 2048' (10 runs):

       1034.092285      task-clock (msec)         #    7.065 CPUs utilized            ( +-  0.18% )
                81      context-switches          #    0.079 K/sec                    ( +-  2.89% )
                32      cpu-migrations            #    0.030 K/sec                    ( +-  1.27% )
               126      page-faults               #    0.122 K/sec                    ( +-  0.26% )
   <not supported>      cycles                   
   <not supported>      stalled-cycles-frontend  
   <not supported>      stalled-cycles-backend   
   <not supported>      instructions             
   <not supported>      branches                 
   <not supported>      branch-misses            

       0.146378578 seconds time elapsed                                          ( +-  0.68% )


 Performance counter stats for './mandelbrot_pth -2.5 1.5 -2.0 2.0 4096' (10 runs):

       4066.652981      task-clock (msec)         #    6.673 CPUs utilized            ( +-  0.20% )
               224      context-switches          #    0.055 K/sec                    ( +-  2.50% )
                40      cpu-migrations            #    0.010 K/sec                    ( +-  4.73% )
               126      page-faults               #    0.031 K/sec                    ( +-  0.20% )
   <not supported>      cycles                   
   <not supported>      stalled-cycles-frontend  
   <not supported>      stalled-cycles-backend   
   <not supported>      instructions             
   <not supported>      branches                 
   <not supported>      branch-misses            

       0.609411606 seconds time elapsed                                          ( +-  0.91% )


 Performance counter stats for './mandelbrot_pth -2.5 1.5 -2.0 2.0 8192' (10 runs):

      16131.772530      task-clock (msec)         #    6.710 CPUs utilized            ( +-  0.13% )
               634      context-switches          #    0.039 K/sec                    ( +-  0.68% )
                67      cpu-migrations            #    0.004 K/sec                    ( +-  4.22% )
               126      page-faults               #    0.008 K/sec                    ( +-  0.28% )
   <not supported>      cycles                   
   <not supported>      stalled-cycles-frontend  
   <not supported>      stalled-cycles-backend   
   <not supported>      instructions             
   <not supported>      branches                 
   <not supported>      branch-misses            

       2.404019988 seconds time elapsed                                          ( +-  0.50% )

